{"id":44345,"type":"warn","level":2,"name":"qq","meta":{"paths":["rbk1hq"]},"content":"offline: server request reconnect","timestamp":1720398083500}
{"id":44347,"type":"warn","level":2,"name":"adapter","meta":{"paths":["rbk1hq"]},"content":"Session timed out, will retry in 5s...","timestamp":1720398083520}
{"id":44353,"type":"info","level":2,"name":"adapter","meta":{"paths":["rbk1hq"]},"content":"connect to server: \u001b[38;5;44mwss://api.sgroup.qq.com/websocket\u001b[0m","timestamp":1720398088875}
{"id":44456,"type":"warn","level":2,"name":"qq","meta":{"paths":["rbk1hq"]},"content":"offline: server request reconnect","timestamp":1720399888869}
{"id":44458,"type":"warn","level":2,"name":"adapter","meta":{"paths":["rbk1hq"]},"content":"Session timed out, will retry in 5s...","timestamp":1720399888890}
{"id":44464,"type":"info","level":2,"name":"adapter","meta":{"paths":["rbk1hq"]},"content":"connect to server: \u001b[38;5;44mwss://api.sgroup.qq.com/websocket\u001b[0m","timestamp":1720399894278}
{"id":44596,"type":"warn","level":2,"name":"qq","meta":{"paths":["rbk1hq"]},"content":"offline: server request reconnect","timestamp":1720401694279}
{"id":44598,"type":"warn","level":2,"name":"adapter","meta":{"paths":["rbk1hq"]},"content":"Session timed out, will retry in 5s...","timestamp":1720401694302}
{"id":44604,"type":"info","level":2,"name":"adapter","meta":{"paths":["rbk1hq"]},"content":"connect to server: \u001b[38;5;44mwss://api.sgroup.qq.com/websocket\u001b[0m","timestamp":1720401699688}
{"id":44699,"type":"warn","level":2,"name":"qq","meta":{"paths":["rbk1hq"]},"content":"offline: server request reconnect","timestamp":1720403499693}
{"id":44701,"type":"warn","level":2,"name":"adapter","meta":{"paths":["rbk1hq"]},"content":"Session timed out, will retry in 5s...","timestamp":1720403499710}
{"id":44707,"type":"info","level":2,"name":"adapter","meta":{"paths":["rbk1hq"]},"content":"connect to server: \u001b[38;5;44mwss://api.sgroup.qq.com/websocket\u001b[0m","timestamp":1720403505109}
{"id":45054,"type":"warn","level":2,"name":"qq","meta":{"paths":["rbk1hq"]},"content":"offline: server request reconnect","timestamp":1720405305106}
{"id":45056,"type":"warn","level":2,"name":"adapter","meta":{"paths":["rbk1hq"]},"content":"Session timed out, will retry in 5s...","timestamp":1720405305128}
{"id":45068,"type":"info","level":2,"name":"adapter","meta":{"paths":["rbk1hq"]},"content":"connect to server: \u001b[38;5;44mwss://api.sgroup.qq.com/websocket\u001b[0m","timestamp":1720405310513}
{"id":45494,"type":"warn","level":2,"name":"qq","meta":{"paths":["rbk1hq"]},"content":"offline: server request reconnect","timestamp":1720407110520}
{"id":45496,"type":"warn","level":2,"name":"adapter","meta":{"paths":["rbk1hq"]},"content":"Session timed out, will retry in 5s...","timestamp":1720407110542}
{"id":45502,"type":"info","level":2,"name":"adapter","meta":{"paths":["rbk1hq"]},"content":"connect to server: \u001b[38;5;44mwss://api.sgroup.qq.com/websocket\u001b[0m","timestamp":1720407115886}
{"id":45757,"type":"warn","level":2,"name":"qq","meta":{"paths":["rbk1hq"]},"content":"offline: server request reconnect","timestamp":1720408915874}
{"id":45759,"type":"warn","level":2,"name":"adapter","meta":{"paths":["rbk1hq"]},"content":"Session timed out, will retry in 5s...","timestamp":1720408915891}
{"id":45765,"type":"info","level":2,"name":"adapter","meta":{"paths":["rbk1hq"]},"content":"connect to server: \u001b[38;5;44mwss://api.sgroup.qq.com/websocket\u001b[0m","timestamp":1720408921283}
{"id":46314,"type":"warn","level":2,"name":"qq","meta":{"paths":["rbk1hq"]},"content":"offline: server request reconnect","timestamp":1720410721291}
{"id":46316,"type":"warn","level":2,"name":"adapter","meta":{"paths":["rbk1hq"]},"content":"Session timed out, will retry in 5s...","timestamp":1720410721309}
{"id":46322,"type":"info","level":2,"name":"adapter","meta":{"paths":["rbk1hq"]},"content":"connect to server: \u001b[38;5;44mwss://api.sgroup.qq.com/websocket\u001b[0m","timestamp":1720410726677}
{"id":46813,"type":"warn","level":2,"name":"qq","meta":{"paths":["rbk1hq"]},"content":"offline: server request reconnect","timestamp":1720412526670}
{"id":46815,"type":"warn","level":2,"name":"adapter","meta":{"paths":["rbk1hq"]},"content":"Session timed out, will retry in 5s...","timestamp":1720412526691}
{"id":46821,"type":"info","level":2,"name":"adapter","meta":{"paths":["rbk1hq"]},"content":"connect to server: \u001b[38;5;44mwss://api.sgroup.qq.com/websocket\u001b[0m","timestamp":1720412532082}
{"id":47290,"type":"warn","level":2,"name":"qq","meta":{"paths":["rbk1hq"]},"content":"offline: server request reconnect","timestamp":1720414332077}
{"id":47292,"type":"warn","level":2,"name":"adapter","meta":{"paths":["rbk1hq"]},"content":"Session timed out, will retry in 5s...","timestamp":1720414332095}
{"id":47298,"type":"info","level":2,"name":"adapter","meta":{"paths":["rbk1hq"]},"content":"connect to server: \u001b[38;5;44mwss://api.sgroup.qq.com/websocket\u001b[0m","timestamp":1720414337468}
{"id":48171,"type":"warn","level":2,"name":"qq","meta":{"paths":["rbk1hq"]},"content":"offline: server request reconnect","timestamp":1720416137475}
{"id":48173,"type":"warn","level":2,"name":"adapter","meta":{"paths":["rbk1hq"]},"content":"Session timed out, will retry in 5s...","timestamp":1720416137496}
{"id":48179,"type":"info","level":2,"name":"adapter","meta":{"paths":["rbk1hq"]},"content":"connect to server: \u001b[38;5;44mwss://api.sgroup.qq.com/websocket\u001b[0m","timestamp":1720416142866}
{"id":48615,"type":"warn","level":2,"name":"qq","meta":{"paths":["rbk1hq"]},"content":"offline: server request reconnect","timestamp":1720417942871}
{"id":48617,"type":"warn","level":2,"name":"adapter","meta":{"paths":["rbk1hq"]},"content":"Session timed out, will retry in 5s...","timestamp":1720417942893}
{"id":48623,"type":"info","level":2,"name":"adapter","meta":{"paths":["rbk1hq"]},"content":"connect to server: \u001b[38;5;44mwss://api.sgroup.qq.com/websocket\u001b[0m","timestamp":1720417948265}
{"id":48747,"type":"warn","level":2,"name":"qq","meta":{"paths":["rbk1hq"]},"content":"offline: server request reconnect","timestamp":1720419748264}
{"id":48749,"type":"warn","level":2,"name":"adapter","meta":{"paths":["rbk1hq"]},"content":"Session timed out, will retry in 5s...","timestamp":1720419748283}
{"id":48755,"type":"info","level":2,"name":"adapter","meta":{"paths":["rbk1hq"]},"content":"connect to server: \u001b[38;5;44mwss://api.sgroup.qq.com/websocket\u001b[0m","timestamp":1720419753648}
{"id":48910,"type":"warn","level":2,"name":"qq","meta":{"paths":["rbk1hq"]},"content":"offline: server request reconnect","timestamp":1720421553639}
{"id":48912,"type":"warn","level":2,"name":"adapter","meta":{"paths":["rbk1hq"]},"content":"Session timed out, will retry in 5s...","timestamp":1720421553658}
{"id":48918,"type":"info","level":2,"name":"adapter","meta":{"paths":["rbk1hq"]},"content":"connect to server: \u001b[38;5;44mwss://api.sgroup.qq.com/websocket\u001b[0m","timestamp":1720421559032}
{"id":49470,"type":"warn","level":2,"name":"qq","meta":{"paths":["rbk1hq"]},"content":"offline: server request reconnect","timestamp":1720423359034}
{"id":49472,"type":"warn","level":2,"name":"adapter","meta":{"paths":["rbk1hq"]},"content":"Session timed out, will retry in 5s...","timestamp":1720423359056}
{"id":49484,"type":"info","level":2,"name":"adapter","meta":{"paths":["rbk1hq"]},"content":"connect to server: \u001b[38;5;44mwss://api.sgroup.qq.com/websocket\u001b[0m","timestamp":1720423364402}
{"id":50075,"type":"warn","level":2,"name":"qq","meta":{"paths":["rbk1hq"]},"content":"offline: server request reconnect","timestamp":1720425164399}
{"id":50077,"type":"warn","level":2,"name":"adapter","meta":{"paths":["rbk1hq"]},"content":"Session timed out, will retry in 5s...","timestamp":1720425164417}
{"id":50083,"type":"info","level":2,"name":"adapter","meta":{"paths":["rbk1hq"]},"content":"connect to server: \u001b[38;5;44mwss://api.sgroup.qq.com/websocket\u001b[0m","timestamp":1720425169807}
{"id":50473,"type":"warn","level":2,"name":"qq","meta":{"paths":["rbk1hq"]},"content":"offline: server request reconnect","timestamp":1720426969800}
{"id":50475,"type":"warn","level":2,"name":"adapter","meta":{"paths":["rbk1hq"]},"content":"Session timed out, will retry in 5s...","timestamp":1720426969822}
{"id":50481,"type":"info","level":2,"name":"adapter","meta":{"paths":["rbk1hq"]},"content":"connect to server: \u001b[38;5;44mwss://api.sgroup.qq.com/websocket\u001b[0m","timestamp":1720426975173}
{"id":50758,"type":"warn","level":2,"name":"qq","meta":{"paths":["rbk1hq"]},"content":"offline: server request reconnect","timestamp":1720428775188}
{"id":50760,"type":"warn","level":2,"name":"adapter","meta":{"paths":["rbk1hq"]},"content":"Session timed out, will retry in 5s...","timestamp":1720428775206}
{"id":50766,"type":"info","level":2,"name":"adapter","meta":{"paths":["rbk1hq"]},"content":"connect to server: \u001b[38;5;44mwss://api.sgroup.qq.com/websocket\u001b[0m","timestamp":1720428780561}
{"id":51294,"type":"warn","level":2,"name":"qq","meta":{"paths":["rbk1hq"]},"content":"offline: server request reconnect","timestamp":1720430580562}
{"id":51296,"type":"warn","level":2,"name":"adapter","meta":{"paths":["rbk1hq"]},"content":"Session timed out, will retry in 5s...","timestamp":1720430580581}
{"id":51320,"type":"info","level":2,"name":"adapter","meta":{"paths":["rbk1hq"]},"content":"connect to server: \u001b[38;5;44mwss://api.sgroup.qq.com/websocket\u001b[0m","timestamp":1720430585944}
{"id":52520,"type":"warn","level":2,"name":"qq","meta":{"paths":["rbk1hq"]},"content":"offline: server request reconnect","timestamp":1720432385941}
{"id":52522,"type":"warn","level":2,"name":"adapter","meta":{"paths":["rbk1hq"]},"content":"Session timed out, will retry in 5s...","timestamp":1720432385963}
{"id":52534,"type":"info","level":2,"name":"adapter","meta":{"paths":["rbk1hq"]},"content":"connect to server: \u001b[38;5;44mwss://api.sgroup.qq.com/websocket\u001b[0m","timestamp":1720432391325}
{"id":53278,"type":"warn","level":2,"name":"qq","meta":{"paths":["rbk1hq"]},"content":"offline: server request reconnect","timestamp":1720434191332}
{"id":53280,"type":"warn","level":2,"name":"adapter","meta":{"paths":["rbk1hq"]},"content":"Session timed out, will retry in 5s...","timestamp":1720434191351}
{"id":53286,"type":"info","level":2,"name":"adapter","meta":{"paths":["rbk1hq"]},"content":"connect to server: \u001b[38;5;44mwss://api.sgroup.qq.com/websocket\u001b[0m","timestamp":1720434196702}
{"id":54060,"type":"warn","level":2,"name":"qq","meta":{"paths":["rbk1hq"]},"content":"offline: server request reconnect","timestamp":1720435996697}
{"id":54062,"type":"warn","level":2,"name":"adapter","meta":{"paths":["rbk1hq"]},"content":"Session timed out, will retry in 5s...","timestamp":1720435996714}
{"id":54068,"type":"info","level":2,"name":"adapter","meta":{"paths":["rbk1hq"]},"content":"connect to server: \u001b[38;5;44mwss://api.sgroup.qq.com/websocket\u001b[0m","timestamp":1720436002083}
{"id":54920,"type":"warn","level":2,"name":"qq","meta":{"paths":["rbk1hq"]},"content":"offline: server request reconnect","timestamp":1720437802083}
{"id":54922,"type":"warn","level":2,"name":"adapter","meta":{"paths":["rbk1hq"]},"content":"Session timed out, will retry in 5s...","timestamp":1720437802103}
{"id":54937,"type":"info","level":2,"name":"adapter","meta":{"paths":["rbk1hq"]},"content":"connect to server: \u001b[38;5;44mwss://api.sgroup.qq.com/websocket\u001b[0m","timestamp":1720437807472}
{"id":57223,"type":"warn","level":2,"name":"qq","meta":{"paths":["rbk1hq"]},"content":"offline: server request reconnect","timestamp":1720439607464}
{"id":57225,"type":"warn","level":2,"name":"adapter","meta":{"paths":["rbk1hq"]},"content":"Session timed out, will retry in 5s...","timestamp":1720439607481}
{"id":57237,"type":"info","level":2,"name":"adapter","meta":{"paths":["rbk1hq"]},"content":"connect to server: \u001b[38;5;44mwss://api.sgroup.qq.com/websocket\u001b[0m","timestamp":1720439612885}
{"id":58130,"type":"warn","level":2,"name":"qq","meta":{"paths":["rbk1hq"]},"content":"offline: server request reconnect","timestamp":1720441412892}
{"id":58132,"type":"warn","level":2,"name":"adapter","meta":{"paths":["rbk1hq"]},"content":"Session timed out, will retry in 5s...","timestamp":1720441412914}
{"id":58138,"type":"info","level":2,"name":"adapter","meta":{"paths":["rbk1hq"]},"content":"connect to server: \u001b[38;5;44mwss://api.sgroup.qq.com/websocket\u001b[0m","timestamp":1720441418291}
{"id":58873,"type":"warn","level":2,"name":"qq","meta":{"paths":["rbk1hq"]},"content":"offline: server request reconnect","timestamp":1720443218289}
{"id":58875,"type":"warn","level":2,"name":"adapter","meta":{"paths":["rbk1hq"]},"content":"Session timed out, will retry in 5s...","timestamp":1720443218312}
{"id":58881,"type":"info","level":2,"name":"adapter","meta":{"paths":["rbk1hq"]},"content":"connect to server: \u001b[38;5;44mwss://api.sgroup.qq.com/websocket\u001b[0m","timestamp":1720443223688}
{"id":59301,"type":"warn","level":2,"name":"app","meta":{"paths":["cpxhww"]},"content":"Error: property database is not registered, declare it as `inject` to suppress this warning\n    at ReflectService.checkInject (C:\\Users\\Administrator\\AppData\\Roaming\\Koishi\\Desktop\\data\\instances\\default\\node_modules\\@cordisjs\\core\\lib\\index.cjs:276:21)\n    at Object.get (C:\\Users\\Administrator\\AppData\\Roaming\\Koishi\\Desktop\\data\\instances\\default\\node_modules\\@cordisjs\\core\\lib\\index.cjs:294:27)\n    at Command.<anonymous> (C:\\Users\\Administrator\\AppData\\Roaming\\Koishi\\Desktop\\data\\instances\\default\\node_modules\\koishi-plugin-jrrp\\src\\core.js:56:15)\n    at Array.<anonymous> (C:\\Users\\Administrator\\AppData\\Roaming\\Koishi\\Desktop\\data\\instances\\default\\node_modules\\@koishijs\\core\\lib\\index.cjs:1114:27)\n    at argv.next (C:\\Users\\Administrator\\AppData\\Roaming\\Koishi\\Desktop\\data\\instances\\default\\node_modules\\@koishijs\\core\\lib\\index.cjs:1125:30)\n    at Command.execute (C:\\Users\\Administrator\\AppData\\Roaming\\Koishi\\Desktop\\data\\instances\\default\\node_modules\\@koishijs\\core\\lib\\index.cjs:1128:33)\n    at process.processTicksAndRejections (node:internal/process/task_queues:95:5)\n    at async C:\\Users\\Administrator\\AppData\\Roaming\\Koishi\\Desktop\\data\\instances\\default\\node_modules\\@koishijs\\core\\lib\\index.cjs:2162:22\n    at async Proxy.withScope (C:\\Users\\Administrator\\AppData\\Roaming\\Koishi\\Desktop\\data\\instances\\default\\node_modules\\@koishijs\\core\\lib\\index.cjs:2065:22)\n    at async next (C:\\Users\\Administrator\\AppData\\Roaming\\Koishi\\Desktop\\data\\instances\\default\\node_modules\\@koishijs\\core\\lib\\index.cjs:853:16)","timestamp":1720444629741}
{"id":59325,"type":"warn","level":2,"name":"app","meta":{"paths":["cpxhww"]},"content":"Error: property database is not registered, declare it as `inject` to suppress this warning\n    at ReflectService.checkInject (C:\\Users\\Administrator\\AppData\\Roaming\\Koishi\\Desktop\\data\\instances\\default\\node_modules\\@cordisjs\\core\\lib\\index.cjs:276:21)\n    at Object.get (C:\\Users\\Administrator\\AppData\\Roaming\\Koishi\\Desktop\\data\\instances\\default\\node_modules\\@cordisjs\\core\\lib\\index.cjs:294:27)\n    at Command.<anonymous> (C:\\Users\\Administrator\\AppData\\Roaming\\Koishi\\Desktop\\data\\instances\\default\\node_modules\\koishi-plugin-jrrp\\src\\core.js:56:15)\n    at Array.<anonymous> (C:\\Users\\Administrator\\AppData\\Roaming\\Koishi\\Desktop\\data\\instances\\default\\node_modules\\@koishijs\\core\\lib\\index.cjs:1114:27)\n    at argv.next (C:\\Users\\Administrator\\AppData\\Roaming\\Koishi\\Desktop\\data\\instances\\default\\node_modules\\@koishijs\\core\\lib\\index.cjs:1125:30)\n    at Command.execute (C:\\Users\\Administrator\\AppData\\Roaming\\Koishi\\Desktop\\data\\instances\\default\\node_modules\\@koishijs\\core\\lib\\index.cjs:1128:33)\n    at process.processTicksAndRejections (node:internal/process/task_queues:95:5)\n    at async C:\\Users\\Administrator\\AppData\\Roaming\\Koishi\\Desktop\\data\\instances\\default\\node_modules\\@koishijs\\core\\lib\\index.cjs:2162:22\n    at async Proxy.withScope (C:\\Users\\Administrator\\AppData\\Roaming\\Koishi\\Desktop\\data\\instances\\default\\node_modules\\@koishijs\\core\\lib\\index.cjs:2065:22)\n    at async next (C:\\Users\\Administrator\\AppData\\Roaming\\Koishi\\Desktop\\data\\instances\\default\\node_modules\\@koishijs\\core\\lib\\index.cjs:853:16)","timestamp":1720444645848}
{"id":59498,"type":"warn","level":2,"name":"qq","meta":{"paths":["rbk1hq"]},"content":"offline: server request reconnect","timestamp":1720445023697}
{"id":59500,"type":"warn","level":2,"name":"adapter","meta":{"paths":["rbk1hq"]},"content":"Session timed out, will retry in 5s...","timestamp":1720445023719}
{"id":59506,"type":"info","level":2,"name":"adapter","meta":{"paths":["rbk1hq"]},"content":"connect to server: \u001b[38;5;44mwss://api.sgroup.qq.com/websocket\u001b[0m","timestamp":1720445029090}
{"id":60156,"type":"warn","level":2,"name":"qq","meta":{"paths":["rbk1hq"]},"content":"offline: server request reconnect","timestamp":1720446829086}
{"id":60158,"type":"warn","level":2,"name":"adapter","meta":{"paths":["rbk1hq"]},"content":"Session timed out, will retry in 5s...","timestamp":1720446829106}
{"id":60164,"type":"info","level":2,"name":"adapter","meta":{"paths":["rbk1hq"]},"content":"connect to server: \u001b[38;5;44mwss://api.sgroup.qq.com/websocket\u001b[0m","timestamp":1720446834491}
{"id":60760,"type":"warn","level":2,"name":"qq","meta":{"paths":["rbk1hq"]},"content":"offline: server request reconnect","timestamp":1720448634483}
{"id":60762,"type":"warn","level":2,"name":"adapter","meta":{"paths":["rbk1hq"]},"content":"Session timed out, will retry in 5s...","timestamp":1720448634503}
{"id":60768,"type":"info","level":2,"name":"adapter","meta":{"paths":["rbk1hq"]},"content":"connect to server: \u001b[38;5;44mwss://api.sgroup.qq.com/websocket\u001b[0m","timestamp":1720448639907}
{"id":62177,"type":"warn","level":2,"name":"qq","meta":{"paths":["rbk1hq"]},"content":"offline: server request reconnect","timestamp":1720450439903}
{"id":62179,"type":"warn","level":2,"name":"adapter","meta":{"paths":["rbk1hq"]},"content":"Session timed out, will retry in 5s...","timestamp":1720450439925}
{"id":62197,"type":"info","level":2,"name":"adapter","meta":{"paths":["rbk1hq"]},"content":"connect to server: \u001b[38;5;44mwss://api.sgroup.qq.com/websocket\u001b[0m","timestamp":1720450445268}
{"id":62899,"type":"warn","level":2,"name":"qq","meta":{"paths":["rbk1hq"]},"content":"offline: server request reconnect","timestamp":1720452245281}
{"id":62901,"type":"warn","level":2,"name":"adapter","meta":{"paths":["rbk1hq"]},"content":"Session timed out, will retry in 5s...","timestamp":1720452245298}
{"id":62907,"type":"info","level":2,"name":"adapter","meta":{"paths":["rbk1hq"]},"content":"connect to server: \u001b[38;5;44mwss://api.sgroup.qq.com/websocket\u001b[0m","timestamp":1720452250661}
{"id":64283,"type":"warn","level":2,"name":"qq","meta":{"paths":["rbk1hq"]},"content":"offline: server request reconnect","timestamp":1720454050654}
{"id":64285,"type":"warn","level":2,"name":"adapter","meta":{"paths":["rbk1hq"]},"content":"Session timed out, will retry in 5s...","timestamp":1720454050676}
{"id":64291,"type":"info","level":2,"name":"adapter","meta":{"paths":["rbk1hq"]},"content":"connect to server: \u001b[38;5;44mwss://api.sgroup.qq.com/websocket\u001b[0m","timestamp":1720454056037}
{"id":65291,"type":"warn","level":2,"name":"app","meta":{"paths":["cpxhww"]},"content":"Error: property database is not registered, declare it as `inject` to suppress this warning\n    at ReflectService.checkInject (C:\\Users\\Administrator\\AppData\\Roaming\\Koishi\\Desktop\\data\\instances\\default\\node_modules\\@cordisjs\\core\\lib\\index.cjs:276:21)\n    at Object.get (C:\\Users\\Administrator\\AppData\\Roaming\\Koishi\\Desktop\\data\\instances\\default\\node_modules\\@cordisjs\\core\\lib\\index.cjs:294:27)\n    at Command.<anonymous> (C:\\Users\\Administrator\\AppData\\Roaming\\Koishi\\Desktop\\data\\instances\\default\\node_modules\\koishi-plugin-jrrp\\src\\core.js:56:15)\n    at Array.<anonymous> (C:\\Users\\Administrator\\AppData\\Roaming\\Koishi\\Desktop\\data\\instances\\default\\node_modules\\@koishijs\\core\\lib\\index.cjs:1114:27)\n    at argv.next (C:\\Users\\Administrator\\AppData\\Roaming\\Koishi\\Desktop\\data\\instances\\default\\node_modules\\@koishijs\\core\\lib\\index.cjs:1125:30)\n    at Command.execute (C:\\Users\\Administrator\\AppData\\Roaming\\Koishi\\Desktop\\data\\instances\\default\\node_modules\\@koishijs\\core\\lib\\index.cjs:1128:33)\n    at process.processTicksAndRejections (node:internal/process/task_queues:95:5)\n    at async C:\\Users\\Administrator\\AppData\\Roaming\\Koishi\\Desktop\\data\\instances\\default\\node_modules\\@koishijs\\core\\lib\\index.cjs:2162:22\n    at async Proxy.withScope (C:\\Users\\Administrator\\AppData\\Roaming\\Koishi\\Desktop\\data\\instances\\default\\node_modules\\@koishijs\\core\\lib\\index.cjs:2065:22)\n    at async next (C:\\Users\\Administrator\\AppData\\Roaming\\Koishi\\Desktop\\data\\instances\\default\\node_modules\\@koishijs\\core\\lib\\index.cjs:853:16)","timestamp":1720455038265}
{"id":65381,"type":"warn","level":2,"name":"app","meta":{"paths":["cpxhww"]},"content":"Error: property database is not registered, declare it as `inject` to suppress this warning\n    at ReflectService.checkInject (C:\\Users\\Administrator\\AppData\\Roaming\\Koishi\\Desktop\\data\\instances\\default\\node_modules\\@cordisjs\\core\\lib\\index.cjs:276:21)\n    at Object.get (C:\\Users\\Administrator\\AppData\\Roaming\\Koishi\\Desktop\\data\\instances\\default\\node_modules\\@cordisjs\\core\\lib\\index.cjs:294:27)\n    at Command.<anonymous> (C:\\Users\\Administrator\\AppData\\Roaming\\Koishi\\Desktop\\data\\instances\\default\\node_modules\\koishi-plugin-jrrp\\src\\core.js:56:15)\n    at Array.<anonymous> (C:\\Users\\Administrator\\AppData\\Roaming\\Koishi\\Desktop\\data\\instances\\default\\node_modules\\@koishijs\\core\\lib\\index.cjs:1114:27)\n    at argv.next (C:\\Users\\Administrator\\AppData\\Roaming\\Koishi\\Desktop\\data\\instances\\default\\node_modules\\@koishijs\\core\\lib\\index.cjs:1125:30)\n    at Command.execute (C:\\Users\\Administrator\\AppData\\Roaming\\Koishi\\Desktop\\data\\instances\\default\\node_modules\\@koishijs\\core\\lib\\index.cjs:1128:33)\n    at process.processTicksAndRejections (node:internal/process/task_queues:95:5)\n    at async C:\\Users\\Administrator\\AppData\\Roaming\\Koishi\\Desktop\\data\\instances\\default\\node_modules\\@koishijs\\core\\lib\\index.cjs:2162:22\n    at async Proxy.withScope (C:\\Users\\Administrator\\AppData\\Roaming\\Koishi\\Desktop\\data\\instances\\default\\node_modules\\@koishijs\\core\\lib\\index.cjs:2065:22)\n    at async next (C:\\Users\\Administrator\\AppData\\Roaming\\Koishi\\Desktop\\data\\instances\\default\\node_modules\\@koishijs\\core\\lib\\index.cjs:853:16)","timestamp":1720455095948}
{"id":65395,"type":"warn","level":2,"name":"app","meta":{"paths":["cpxhww"]},"content":"Error: property database is not registered, declare it as `inject` to suppress this warning\n    at ReflectService.checkInject (C:\\Users\\Administrator\\AppData\\Roaming\\Koishi\\Desktop\\data\\instances\\default\\node_modules\\@cordisjs\\core\\lib\\index.cjs:276:21)\n    at Object.get (C:\\Users\\Administrator\\AppData\\Roaming\\Koishi\\Desktop\\data\\instances\\default\\node_modules\\@cordisjs\\core\\lib\\index.cjs:294:27)\n    at Command.<anonymous> (C:\\Users\\Administrator\\AppData\\Roaming\\Koishi\\Desktop\\data\\instances\\default\\node_modules\\koishi-plugin-jrrp\\src\\core.js:56:15)\n    at Array.<anonymous> (C:\\Users\\Administrator\\AppData\\Roaming\\Koishi\\Desktop\\data\\instances\\default\\node_modules\\@koishijs\\core\\lib\\index.cjs:1114:27)\n    at argv.next (C:\\Users\\Administrator\\AppData\\Roaming\\Koishi\\Desktop\\data\\instances\\default\\node_modules\\@koishijs\\core\\lib\\index.cjs:1125:30)\n    at Command.execute (C:\\Users\\Administrator\\AppData\\Roaming\\Koishi\\Desktop\\data\\instances\\default\\node_modules\\@koishijs\\core\\lib\\index.cjs:1128:33)\n    at process.processTicksAndRejections (node:internal/process/task_queues:95:5)\n    at async C:\\Users\\Administrator\\AppData\\Roaming\\Koishi\\Desktop\\data\\instances\\default\\node_modules\\@koishijs\\core\\lib\\index.cjs:2162:22\n    at async Proxy.withScope (C:\\Users\\Administrator\\AppData\\Roaming\\Koishi\\Desktop\\data\\instances\\default\\node_modules\\@koishijs\\core\\lib\\index.cjs:2065:22)\n    at async next (C:\\Users\\Administrator\\AppData\\Roaming\\Koishi\\Desktop\\data\\instances\\default\\node_modules\\@koishijs\\core\\lib\\index.cjs:853:16)","timestamp":1720455109723}
{"id":65468,"type":"warn","level":2,"name":"app","meta":{"paths":["cpxhww"]},"content":"Error: property database is not registered, declare it as `inject` to suppress this warning\n    at ReflectService.checkInject (C:\\Users\\Administrator\\AppData\\Roaming\\Koishi\\Desktop\\data\\instances\\default\\node_modules\\@cordisjs\\core\\lib\\index.cjs:276:21)\n    at Object.get (C:\\Users\\Administrator\\AppData\\Roaming\\Koishi\\Desktop\\data\\instances\\default\\node_modules\\@cordisjs\\core\\lib\\index.cjs:294:27)\n    at Command.<anonymous> (C:\\Users\\Administrator\\AppData\\Roaming\\Koishi\\Desktop\\data\\instances\\default\\node_modules\\koishi-plugin-jrrp\\src\\core.js:56:15)\n    at Array.<anonymous> (C:\\Users\\Administrator\\AppData\\Roaming\\Koishi\\Desktop\\data\\instances\\default\\node_modules\\@koishijs\\core\\lib\\index.cjs:1114:27)\n    at argv.next (C:\\Users\\Administrator\\AppData\\Roaming\\Koishi\\Desktop\\data\\instances\\default\\node_modules\\@koishijs\\core\\lib\\index.cjs:1125:30)\n    at Command.execute (C:\\Users\\Administrator\\AppData\\Roaming\\Koishi\\Desktop\\data\\instances\\default\\node_modules\\@koishijs\\core\\lib\\index.cjs:1128:33)\n    at process.processTicksAndRejections (node:internal/process/task_queues:95:5)\n    at async C:\\Users\\Administrator\\AppData\\Roaming\\Koishi\\Desktop\\data\\instances\\default\\node_modules\\@koishijs\\core\\lib\\index.cjs:2162:22\n    at async Proxy.withScope (C:\\Users\\Administrator\\AppData\\Roaming\\Koishi\\Desktop\\data\\instances\\default\\node_modules\\@koishijs\\core\\lib\\index.cjs:2065:22)\n    at async next (C:\\Users\\Administrator\\AppData\\Roaming\\Koishi\\Desktop\\data\\instances\\default\\node_modules\\@koishijs\\core\\lib\\index.cjs:853:16)","timestamp":1720455226413}
{"id":65635,"type":"warn","level":2,"name":"app","meta":{"paths":["cpxhww"]},"content":"Error: property database is not registered, declare it as `inject` to suppress this warning\n    at ReflectService.checkInject (C:\\Users\\Administrator\\AppData\\Roaming\\Koishi\\Desktop\\data\\instances\\default\\node_modules\\@cordisjs\\core\\lib\\index.cjs:276:21)\n    at Object.get (C:\\Users\\Administrator\\AppData\\Roaming\\Koishi\\Desktop\\data\\instances\\default\\node_modules\\@cordisjs\\core\\lib\\index.cjs:294:27)\n    at Command.<anonymous> (C:\\Users\\Administrator\\AppData\\Roaming\\Koishi\\Desktop\\data\\instances\\default\\node_modules\\koishi-plugin-jrrp\\src\\core.js:56:15)\n    at Array.<anonymous> (C:\\Users\\Administrator\\AppData\\Roaming\\Koishi\\Desktop\\data\\instances\\default\\node_modules\\@koishijs\\core\\lib\\index.cjs:1114:27)\n    at argv.next (C:\\Users\\Administrator\\AppData\\Roaming\\Koishi\\Desktop\\data\\instances\\default\\node_modules\\@koishijs\\core\\lib\\index.cjs:1125:30)\n    at Command.execute (C:\\Users\\Administrator\\AppData\\Roaming\\Koishi\\Desktop\\data\\instances\\default\\node_modules\\@koishijs\\core\\lib\\index.cjs:1128:33)\n    at process.processTicksAndRejections (node:internal/process/task_queues:95:5)\n    at async C:\\Users\\Administrator\\AppData\\Roaming\\Koishi\\Desktop\\data\\instances\\default\\node_modules\\@koishijs\\core\\lib\\index.cjs:2162:22\n    at async Proxy.withScope (C:\\Users\\Administrator\\AppData\\Roaming\\Koishi\\Desktop\\data\\instances\\default\\node_modules\\@koishijs\\core\\lib\\index.cjs:2065:22)\n    at async next (C:\\Users\\Administrator\\AppData\\Roaming\\Koishi\\Desktop\\data\\instances\\default\\node_modules\\@koishijs\\core\\lib\\index.cjs:853:16)","timestamp":1720455354086}
{"id":65661,"type":"warn","level":2,"name":"app","meta":{"paths":["cpxhww"]},"content":"Error: property database is not registered, declare it as `inject` to suppress this warning\n    at ReflectService.checkInject (C:\\Users\\Administrator\\AppData\\Roaming\\Koishi\\Desktop\\data\\instances\\default\\node_modules\\@cordisjs\\core\\lib\\index.cjs:276:21)\n    at Object.get (C:\\Users\\Administrator\\AppData\\Roaming\\Koishi\\Desktop\\data\\instances\\default\\node_modules\\@cordisjs\\core\\lib\\index.cjs:294:27)\n    at Command.<anonymous> (C:\\Users\\Administrator\\AppData\\Roaming\\Koishi\\Desktop\\data\\instances\\default\\node_modules\\koishi-plugin-jrrp\\src\\core.js:56:15)\n    at Array.<anonymous> (C:\\Users\\Administrator\\AppData\\Roaming\\Koishi\\Desktop\\data\\instances\\default\\node_modules\\@koishijs\\core\\lib\\index.cjs:1114:27)\n    at argv.next (C:\\Users\\Administrator\\AppData\\Roaming\\Koishi\\Desktop\\data\\instances\\default\\node_modules\\@koishijs\\core\\lib\\index.cjs:1125:30)\n    at Command.execute (C:\\Users\\Administrator\\AppData\\Roaming\\Koishi\\Desktop\\data\\instances\\default\\node_modules\\@koishijs\\core\\lib\\index.cjs:1128:33)\n    at process.processTicksAndRejections (node:internal/process/task_queues:95:5)\n    at async C:\\Users\\Administrator\\AppData\\Roaming\\Koishi\\Desktop\\data\\instances\\default\\node_modules\\@koishijs\\core\\lib\\index.cjs:2162:22\n    at async Proxy.withScope (C:\\Users\\Administrator\\AppData\\Roaming\\Koishi\\Desktop\\data\\instances\\default\\node_modules\\@koishijs\\core\\lib\\index.cjs:2065:22)\n    at async next (C:\\Users\\Administrator\\AppData\\Roaming\\Koishi\\Desktop\\data\\instances\\default\\node_modules\\@koishijs\\core\\lib\\index.cjs:853:16)","timestamp":1720455373857}
{"id":65676,"type":"warn","level":2,"name":"app","meta":{"paths":["cpxhww"]},"content":"Error: property database is not registered, declare it as `inject` to suppress this warning\n    at ReflectService.checkInject (C:\\Users\\Administrator\\AppData\\Roaming\\Koishi\\Desktop\\data\\instances\\default\\node_modules\\@cordisjs\\core\\lib\\index.cjs:276:21)\n    at Object.get (C:\\Users\\Administrator\\AppData\\Roaming\\Koishi\\Desktop\\data\\instances\\default\\node_modules\\@cordisjs\\core\\lib\\index.cjs:294:27)\n    at Command.<anonymous> (C:\\Users\\Administrator\\AppData\\Roaming\\Koishi\\Desktop\\data\\instances\\default\\node_modules\\koishi-plugin-jrrp\\src\\core.js:56:15)\n    at Array.<anonymous> (C:\\Users\\Administrator\\AppData\\Roaming\\Koishi\\Desktop\\data\\instances\\default\\node_modules\\@koishijs\\core\\lib\\index.cjs:1114:27)\n    at argv.next (C:\\Users\\Administrator\\AppData\\Roaming\\Koishi\\Desktop\\data\\instances\\default\\node_modules\\@koishijs\\core\\lib\\index.cjs:1125:30)\n    at Command.execute (C:\\Users\\Administrator\\AppData\\Roaming\\Koishi\\Desktop\\data\\instances\\default\\node_modules\\@koishijs\\core\\lib\\index.cjs:1128:33)\n    at process.processTicksAndRejections (node:internal/process/task_queues:95:5)\n    at async C:\\Users\\Administrator\\AppData\\Roaming\\Koishi\\Desktop\\data\\instances\\default\\node_modules\\@koishijs\\core\\lib\\index.cjs:2162:22\n    at async Proxy.withScope (C:\\Users\\Administrator\\AppData\\Roaming\\Koishi\\Desktop\\data\\instances\\default\\node_modules\\@koishijs\\core\\lib\\index.cjs:2065:22)\n    at async next (C:\\Users\\Administrator\\AppData\\Roaming\\Koishi\\Desktop\\data\\instances\\default\\node_modules\\@koishijs\\core\\lib\\index.cjs:853:16)","timestamp":1720455391861}
{"id":65682,"type":"warn","level":2,"name":"app","meta":{"paths":["cpxhww"]},"content":"Error: property database is not registered, declare it as `inject` to suppress this warning\n    at ReflectService.checkInject (C:\\Users\\Administrator\\AppData\\Roaming\\Koishi\\Desktop\\data\\instances\\default\\node_modules\\@cordisjs\\core\\lib\\index.cjs:276:21)\n    at Object.get (C:\\Users\\Administrator\\AppData\\Roaming\\Koishi\\Desktop\\data\\instances\\default\\node_modules\\@cordisjs\\core\\lib\\index.cjs:294:27)\n    at Command.<anonymous> (C:\\Users\\Administrator\\AppData\\Roaming\\Koishi\\Desktop\\data\\instances\\default\\node_modules\\koishi-plugin-jrrp\\src\\core.js:56:15)\n    at Array.<anonymous> (C:\\Users\\Administrator\\AppData\\Roaming\\Koishi\\Desktop\\data\\instances\\default\\node_modules\\@koishijs\\core\\lib\\index.cjs:1114:27)\n    at argv.next (C:\\Users\\Administrator\\AppData\\Roaming\\Koishi\\Desktop\\data\\instances\\default\\node_modules\\@koishijs\\core\\lib\\index.cjs:1125:30)\n    at Command.execute (C:\\Users\\Administrator\\AppData\\Roaming\\Koishi\\Desktop\\data\\instances\\default\\node_modules\\@koishijs\\core\\lib\\index.cjs:1128:33)\n    at process.processTicksAndRejections (node:internal/process/task_queues:95:5)\n    at async C:\\Users\\Administrator\\AppData\\Roaming\\Koishi\\Desktop\\data\\instances\\default\\node_modules\\@koishijs\\core\\lib\\index.cjs:2162:22\n    at async Proxy.withScope (C:\\Users\\Administrator\\AppData\\Roaming\\Koishi\\Desktop\\data\\instances\\default\\node_modules\\@koishijs\\core\\lib\\index.cjs:2065:22)\n    at async next (C:\\Users\\Administrator\\AppData\\Roaming\\Koishi\\Desktop\\data\\instances\\default\\node_modules\\@koishijs\\core\\lib\\index.cjs:853:16)","timestamp":1720455397604}
{"id":66173,"type":"warn","level":2,"name":"qq","meta":{"paths":["rbk1hq"]},"content":"offline: server request reconnect","timestamp":1720455856033}
{"id":66175,"type":"warn","level":2,"name":"adapter","meta":{"paths":["rbk1hq"]},"content":"Session timed out, will retry in 5s...","timestamp":1720455856050}
{"id":66181,"type":"info","level":2,"name":"adapter","meta":{"paths":["rbk1hq"]},"content":"connect to server: \u001b[38;5;44mwss://api.sgroup.qq.com/websocket\u001b[0m","timestamp":1720455861421}
{"id":67480,"type":"warn","level":2,"name":"qq","meta":{"paths":["rbk1hq"]},"content":"offline: server request reconnect","timestamp":1720457661429}
{"id":67482,"type":"warn","level":2,"name":"adapter","meta":{"paths":["rbk1hq"]},"content":"Session timed out, will retry in 5s...","timestamp":1720457661447}
{"id":67488,"type":"info","level":2,"name":"adapter","meta":{"paths":["rbk1hq"]},"content":"connect to server: \u001b[38;5;44mwss://api.sgroup.qq.com/websocket\u001b[0m","timestamp":1720457666836}
{"id":68250,"type":"warn","level":2,"name":"qq","meta":{"paths":["rbk1hq"]},"content":"offline: server request reconnect","timestamp":1720459466830}
{"id":68252,"type":"warn","level":2,"name":"adapter","meta":{"paths":["rbk1hq"]},"content":"Session timed out, will retry in 5s...","timestamp":1720459466854}
{"id":68260,"type":"info","level":2,"name":"adapter","meta":{"paths":["rbk1hq"]},"content":"connect to server: \u001b[38;5;44mwss://api.sgroup.qq.com/websocket\u001b[0m","timestamp":1720459472212}
{"id":69272,"type":"warn","level":2,"name":"session","meta":{"paths":[]},"content":"你给自己来了一针肾上腺素，请在30秒内发送你想选择的道具名\nTypeError: Cannot read properties of undefined (reading 'use')\n    at C:\\Users\\Administrator\\AppData\\Roaming\\Koishi\\Desktop\\data\\instances\\default\\node_modules\\koishi-plugin-buckshot-roulette2\\lib\\index.js:478:54\n    at process.processTicksAndRejections (node:internal/process/task_queues:95:5)\n    at async next (C:\\Users\\Administrator\\AppData\\Roaming\\Koishi\\Desktop\\data\\instances\\default\\node_modules\\@koishijs\\core\\lib\\index.cjs:853:16)\n    at async next (C:\\Users\\Administrator\\AppData\\Roaming\\Koishi\\Desktop\\data\\instances\\default\\node_modules\\@koishijs\\core\\lib\\index.cjs:853:16)\n    at async next (C:\\Users\\Administrator\\AppData\\Roaming\\Koishi\\Desktop\\data\\instances\\default\\node_modules\\@koishijs\\core\\lib\\index.cjs:853:16)\n    at async next (C:\\Users\\Administrator\\AppData\\Roaming\\Koishi\\Desktop\\data\\instances\\default\\node_modules\\@koishijs\\core\\lib\\index.cjs:853:16)\n    at async next (C:\\Users\\Administrator\\AppData\\Roaming\\Koishi\\Desktop\\data\\instances\\default\\node_modules\\@koishijs\\core\\lib\\index.cjs:853:16)\n    at async Processor._handleMessage (C:\\Users\\Administrator\\AppData\\Roaming\\Koishi\\Desktop\\data\\instances\\default\\node_modules\\@koishijs\\core\\lib\\index.cjs:864:22)","timestamp":1720461133996}
{"id":69375,"type":"warn","level":2,"name":"qq","meta":{"paths":["rbk1hq"]},"content":"offline: server request reconnect","timestamp":1720461272227}
{"id":69377,"type":"warn","level":2,"name":"adapter","meta":{"paths":["rbk1hq"]},"content":"Session timed out, will retry in 5s...","timestamp":1720461272249}
{"id":69390,"type":"info","level":2,"name":"adapter","meta":{"paths":["rbk1hq"]},"content":"connect to server: \u001b[38;5;44mwss://api.sgroup.qq.com/websocket\u001b[0m","timestamp":1720461277598}
{"id":71066,"type":"warn","level":2,"name":"qq","meta":{"paths":["rbk1hq"]},"content":"offline: server request reconnect","timestamp":1720463077596}
{"id":71068,"type":"warn","level":2,"name":"adapter","meta":{"paths":["rbk1hq"]},"content":"Session timed out, will retry in 5s...","timestamp":1720463077615}
{"id":71074,"type":"info","level":2,"name":"adapter","meta":{"paths":["rbk1hq"]},"content":"connect to server: \u001b[38;5;44mwss://api.sgroup.qq.com/websocket\u001b[0m","timestamp":1720463082984}
{"id":71999,"type":"warn","level":2,"name":"qq","meta":{"paths":["rbk1hq"]},"content":"offline: server request reconnect","timestamp":1720464882974}
{"id":72001,"type":"warn","level":2,"name":"adapter","meta":{"paths":["rbk1hq"]},"content":"Session timed out, will retry in 5s...","timestamp":1720464882990}
{"id":72007,"type":"info","level":2,"name":"adapter","meta":{"paths":["rbk1hq"]},"content":"connect to server: \u001b[38;5;44mwss://api.sgroup.qq.com/websocket\u001b[0m","timestamp":1720464888362}
{"id":72084,"type":"warn","level":2,"name":"qq","meta":{"paths":["rbk1hq"]},"content":"offline: server request reconnect","timestamp":1720466688371}
{"id":72086,"type":"warn","level":2,"name":"adapter","meta":{"paths":["rbk1hq"]},"content":"Session timed out, will retry in 5s...","timestamp":1720466688391}
{"id":72092,"type":"info","level":2,"name":"adapter","meta":{"paths":["rbk1hq"]},"content":"connect to server: \u001b[38;5;44mwss://api.sgroup.qq.com/websocket\u001b[0m","timestamp":1720466693768}
{"id":72174,"type":"warn","level":2,"name":"qq","meta":{"paths":["rbk1hq"]},"content":"offline: server request reconnect","timestamp":1720468493749}
{"id":72176,"type":"warn","level":2,"name":"adapter","meta":{"paths":["rbk1hq"]},"content":"Session timed out, will retry in 5s...","timestamp":1720468493771}
{"id":72182,"type":"info","level":2,"name":"adapter","meta":{"paths":["rbk1hq"]},"content":"connect to server: \u001b[38;5;44mwss://api.sgroup.qq.com/websocket\u001b[0m","timestamp":1720468499145}
{"id":72263,"type":"warn","level":2,"name":"qq","meta":{"paths":["rbk1hq"]},"content":"offline: server request reconnect","timestamp":1720470299167}
{"id":72265,"type":"warn","level":2,"name":"adapter","meta":{"paths":["rbk1hq"]},"content":"Session timed out, will retry in 5s...","timestamp":1720470299190}
{"id":72271,"type":"info","level":2,"name":"adapter","meta":{"paths":["rbk1hq"]},"content":"connect to server: \u001b[38;5;44mwss://api.sgroup.qq.com/websocket\u001b[0m","timestamp":1720470304540}
{"id":72334,"type":"warn","level":2,"name":"qq","meta":{"paths":["rbk1hq"]},"content":"offline: server request reconnect","timestamp":1720472104521}
{"id":72336,"type":"warn","level":2,"name":"adapter","meta":{"paths":["rbk1hq"]},"content":"Session timed out, will retry in 5s...","timestamp":1720472104542}
{"id":72342,"type":"info","level":2,"name":"adapter","meta":{"paths":["rbk1hq"]},"content":"connect to server: \u001b[38;5;44mwss://api.sgroup.qq.com/websocket\u001b[0m","timestamp":1720472109900}
{"id":72463,"type":"warn","level":2,"name":"qq","meta":{"paths":["rbk1hq"]},"content":"offline: server request reconnect","timestamp":1720473909900}
{"id":72465,"type":"warn","level":2,"name":"adapter","meta":{"paths":["rbk1hq"]},"content":"Session timed out, will retry in 5s...","timestamp":1720473909922}
{"id":72471,"type":"info","level":2,"name":"adapter","meta":{"paths":["rbk1hq"]},"content":"connect to server: \u001b[38;5;44mwss://api.sgroup.qq.com/websocket\u001b[0m","timestamp":1720473915292}
{"id":72571,"type":"warn","level":2,"name":"qq","meta":{"paths":["rbk1hq"]},"content":"offline: server request reconnect","timestamp":1720475715307}
{"id":72573,"type":"warn","level":2,"name":"adapter","meta":{"paths":["rbk1hq"]},"content":"Session timed out, will retry in 5s...","timestamp":1720475715324}
{"id":72579,"type":"info","level":2,"name":"adapter","meta":{"paths":["rbk1hq"]},"content":"connect to server: \u001b[38;5;44mwss://api.sgroup.qq.com/websocket\u001b[0m","timestamp":1720475720688}
{"id":72668,"type":"warn","level":2,"name":"qq","meta":{"paths":["rbk1hq"]},"content":"offline: server request reconnect","timestamp":1720477520682}
{"id":72670,"type":"warn","level":2,"name":"adapter","meta":{"paths":["rbk1hq"]},"content":"Session timed out, will retry in 5s...","timestamp":1720477520703}
{"id":72676,"type":"info","level":2,"name":"adapter","meta":{"paths":["rbk1hq"]},"content":"connect to server: \u001b[38;5;44mwss://api.sgroup.qq.com/websocket\u001b[0m","timestamp":1720477526038}
{"id":72776,"type":"warn","level":2,"name":"qq","meta":{"paths":["rbk1hq"]},"content":"offline: server request reconnect","timestamp":1720479326044}
{"id":72778,"type":"warn","level":2,"name":"adapter","meta":{"paths":["rbk1hq"]},"content":"Session timed out, will retry in 5s...","timestamp":1720479326063}
{"id":72784,"type":"info","level":2,"name":"adapter","meta":{"paths":["rbk1hq"]},"content":"connect to server: \u001b[38;5;44mwss://api.sgroup.qq.com/websocket\u001b[0m","timestamp":1720479331413}
{"id":72898,"type":"warn","level":2,"name":"qq","meta":{"paths":["rbk1hq"]},"content":"offline: server request reconnect","timestamp":1720481131399}
{"id":72900,"type":"warn","level":2,"name":"adapter","meta":{"paths":["rbk1hq"]},"content":"Session timed out, will retry in 5s...","timestamp":1720481131416}
{"id":72906,"type":"info","level":2,"name":"adapter","meta":{"paths":["rbk1hq"]},"content":"connect to server: \u001b[38;5;44mwss://api.sgroup.qq.com/websocket\u001b[0m","timestamp":1720481136780}
{"id":73082,"type":"warn","level":2,"name":"qq","meta":{"paths":["rbk1hq"]},"content":"offline: server request reconnect","timestamp":1720482936784}
{"id":73084,"type":"warn","level":2,"name":"adapter","meta":{"paths":["rbk1hq"]},"content":"Session timed out, will retry in 5s...","timestamp":1720482936802}
{"id":73090,"type":"info","level":2,"name":"adapter","meta":{"paths":["rbk1hq"]},"content":"connect to server: \u001b[38;5;44mwss://api.sgroup.qq.com/websocket\u001b[0m","timestamp":1720482942162}
