{"id":74431,"type":"warn","level":2,"name":"qq","meta":{"paths":["rbk1hq"]},"content":"offline: server request reconnect","timestamp":1721088301671}
{"id":74433,"type":"warn","level":2,"name":"adapter","meta":{"paths":["rbk1hq"]},"content":"Session timed out, will retry in 5s...","timestamp":1721088301693}
{"id":74439,"type":"info","level":2,"name":"adapter","meta":{"paths":["rbk1hq"]},"content":"connect to server: \u001b[38;5;44mwss://api.sgroup.qq.com/websocket\u001b[0m","timestamp":1721088307078}
{"id":74531,"type":"warn","level":2,"name":"qq","meta":{"paths":["rbk1hq"]},"content":"offline: server request reconnect","timestamp":1721090107083}
{"id":74533,"type":"warn","level":2,"name":"adapter","meta":{"paths":["rbk1hq"]},"content":"Session timed out, will retry in 5s...","timestamp":1721090107102}
{"id":74539,"type":"info","level":2,"name":"adapter","meta":{"paths":["rbk1hq"]},"content":"connect to server: \u001b[38;5;44mwss://api.sgroup.qq.com/websocket\u001b[0m","timestamp":1721090112449}
{"id":74713,"type":"warn","level":2,"name":"qq","meta":{"paths":["rbk1hq"]},"content":"offline: server request reconnect","timestamp":1721091912450}
{"id":74715,"type":"warn","level":2,"name":"adapter","meta":{"paths":["rbk1hq"]},"content":"Session timed out, will retry in 5s...","timestamp":1721091912472}
{"id":74721,"type":"info","level":2,"name":"adapter","meta":{"paths":["rbk1hq"]},"content":"connect to server: \u001b[38;5;44mwss://api.sgroup.qq.com/websocket\u001b[0m","timestamp":1721091917837}
{"id":74785,"type":"warn","level":2,"name":"qq","meta":{"paths":["rbk1hq"]},"content":"offline: server request reconnect","timestamp":1721093717838}
{"id":74787,"type":"warn","level":2,"name":"adapter","meta":{"paths":["rbk1hq"]},"content":"Session timed out, will retry in 5s...","timestamp":1721093717858}
{"id":74793,"type":"info","level":2,"name":"adapter","meta":{"paths":["rbk1hq"]},"content":"connect to server: \u001b[38;5;44mwss://api.sgroup.qq.com/websocket\u001b[0m","timestamp":1721093723212}
{"id":74902,"type":"warn","level":2,"name":"qq","meta":{"paths":["rbk1hq"]},"content":"offline: server request reconnect","timestamp":1721095523210}
{"id":74904,"type":"warn","level":2,"name":"adapter","meta":{"paths":["rbk1hq"]},"content":"Session timed out, will retry in 5s...","timestamp":1721095523231}
{"id":74910,"type":"info","level":2,"name":"adapter","meta":{"paths":["rbk1hq"]},"content":"connect to server: \u001b[38;5;44mwss://api.sgroup.qq.com/websocket\u001b[0m","timestamp":1721095528594}
{"id":75009,"type":"warn","level":2,"name":"qq","meta":{"paths":["rbk1hq"]},"content":"offline: server request reconnect","timestamp":1721097328591}
{"id":75011,"type":"warn","level":2,"name":"adapter","meta":{"paths":["rbk1hq"]},"content":"Session timed out, will retry in 5s...","timestamp":1721097328613}
{"id":75017,"type":"info","level":2,"name":"adapter","meta":{"paths":["rbk1hq"]},"content":"connect to server: \u001b[38;5;44mwss://api.sgroup.qq.com/websocket\u001b[0m","timestamp":1721097333983}
{"id":75099,"type":"warn","level":2,"name":"qq","meta":{"paths":["rbk1hq"]},"content":"offline: server request reconnect","timestamp":1721099133988}
{"id":75101,"type":"warn","level":2,"name":"adapter","meta":{"paths":["rbk1hq"]},"content":"Session timed out, will retry in 5s...","timestamp":1721099134011}
{"id":75107,"type":"info","level":2,"name":"adapter","meta":{"paths":["rbk1hq"]},"content":"connect to server: \u001b[38;5;44mwss://api.sgroup.qq.com/websocket\u001b[0m","timestamp":1721099139365}
{"id":75274,"type":"warn","level":2,"name":"qq","meta":{"paths":["rbk1hq"]},"content":"offline: server request reconnect","timestamp":1721100939366}
{"id":75276,"type":"warn","level":2,"name":"adapter","meta":{"paths":["rbk1hq"]},"content":"Session timed out, will retry in 5s...","timestamp":1721100939383}
{"id":75282,"type":"info","level":2,"name":"adapter","meta":{"paths":["rbk1hq"]},"content":"connect to server: \u001b[38;5;44mwss://api.sgroup.qq.com/websocket\u001b[0m","timestamp":1721100944751}
{"id":75722,"type":"warn","level":2,"name":"qq","meta":{"paths":["rbk1hq"]},"content":"offline: server request reconnect","timestamp":1721102744750}
{"id":75724,"type":"warn","level":2,"name":"adapter","meta":{"paths":["rbk1hq"]},"content":"Session timed out, will retry in 5s...","timestamp":1721102744767}
{"id":75732,"type":"info","level":2,"name":"adapter","meta":{"paths":["rbk1hq"]},"content":"connect to server: \u001b[38;5;44mwss://api.sgroup.qq.com/websocket\u001b[0m","timestamp":1721102750138}
{"id":75949,"type":"warn","level":2,"name":"qq","meta":{"paths":["rbk1hq"]},"content":"offline: server request reconnect","timestamp":1721104550135}
{"id":75951,"type":"warn","level":2,"name":"adapter","meta":{"paths":["rbk1hq"]},"content":"Session timed out, will retry in 5s...","timestamp":1721104550158}
{"id":75957,"type":"info","level":2,"name":"adapter","meta":{"paths":["rbk1hq"]},"content":"connect to server: \u001b[38;5;44mwss://api.sgroup.qq.com/websocket\u001b[0m","timestamp":1721104555527}
{"id":76247,"type":"warn","level":2,"name":"qq","meta":{"paths":["rbk1hq"]},"content":"offline: server request reconnect","timestamp":1721106355527}
{"id":76249,"type":"warn","level":2,"name":"adapter","meta":{"paths":["rbk1hq"]},"content":"Session timed out, will retry in 5s...","timestamp":1721106355548}
{"id":76255,"type":"info","level":2,"name":"adapter","meta":{"paths":["rbk1hq"]},"content":"connect to server: \u001b[38;5;44mwss://api.sgroup.qq.com/websocket\u001b[0m","timestamp":1721106360914}
{"id":76334,"type":"warn","level":2,"name":"qq","meta":{"paths":["rbk1hq"]},"content":"offline: server request reconnect","timestamp":1721108160917}
{"id":76336,"type":"warn","level":2,"name":"adapter","meta":{"paths":["rbk1hq"]},"content":"Session timed out, will retry in 5s...","timestamp":1721108160936}
{"id":76342,"type":"info","level":2,"name":"adapter","meta":{"paths":["rbk1hq"]},"content":"connect to server: \u001b[38;5;44mwss://api.sgroup.qq.com/websocket\u001b[0m","timestamp":1721108166324}
{"id":76620,"type":"warn","level":2,"name":"qq","meta":{"paths":["rbk1hq"]},"content":"offline: server request reconnect","timestamp":1721109966330}
{"id":76622,"type":"warn","level":2,"name":"adapter","meta":{"paths":["rbk1hq"]},"content":"Session timed out, will retry in 5s...","timestamp":1721109966348}
{"id":76628,"type":"info","level":2,"name":"adapter","meta":{"paths":["rbk1hq"]},"content":"connect to server: \u001b[38;5;44mwss://api.sgroup.qq.com/websocket\u001b[0m","timestamp":1721109971709}
{"id":76790,"type":"warn","level":2,"name":"qq","meta":{"paths":["rbk1hq"]},"content":"offline: server request reconnect","timestamp":1721111771705}
{"id":76792,"type":"warn","level":2,"name":"adapter","meta":{"paths":["rbk1hq"]},"content":"Session timed out, will retry in 5s...","timestamp":1721111771722}
{"id":76798,"type":"info","level":2,"name":"adapter","meta":{"paths":["rbk1hq"]},"content":"connect to server: \u001b[38;5;44mwss://api.sgroup.qq.com/websocket\u001b[0m","timestamp":1721111777101}
{"id":76991,"type":"warn","level":2,"name":"qq","meta":{"paths":["rbk1hq"]},"content":"offline: server request reconnect","timestamp":1721113577105}
{"id":76993,"type":"warn","level":2,"name":"adapter","meta":{"paths":["rbk1hq"]},"content":"Session timed out, will retry in 5s...","timestamp":1721113577122}
{"id":76999,"type":"info","level":2,"name":"adapter","meta":{"paths":["rbk1hq"]},"content":"connect to server: \u001b[38;5;44mwss://api.sgroup.qq.com/websocket\u001b[0m","timestamp":1721113582472}
{"id":77102,"type":"warn","level":2,"name":"qq","meta":{"paths":["rbk1hq"]},"content":"offline: server request reconnect","timestamp":1721115382457}
{"id":77104,"type":"warn","level":2,"name":"adapter","meta":{"paths":["rbk1hq"]},"content":"Session timed out, will retry in 5s...","timestamp":1721115382476}
{"id":77110,"type":"info","level":2,"name":"adapter","meta":{"paths":["rbk1hq"]},"content":"connect to server: \u001b[38;5;44mwss://api.sgroup.qq.com/websocket\u001b[0m","timestamp":1721115387826}
{"id":77412,"type":"warn","level":2,"name":"qq","meta":{"paths":["rbk1hq"]},"content":"offline: server request reconnect","timestamp":1721117187836}
{"id":77414,"type":"warn","level":2,"name":"adapter","meta":{"paths":["rbk1hq"]},"content":"Session timed out, will retry in 5s...","timestamp":1721117187854}
{"id":77420,"type":"info","level":2,"name":"adapter","meta":{"paths":["rbk1hq"]},"content":"connect to server: \u001b[38;5;44mwss://api.sgroup.qq.com/websocket\u001b[0m","timestamp":1721117193224}
{"id":77711,"type":"warn","level":2,"name":"qq","meta":{"paths":["rbk1hq"]},"content":"offline: server request reconnect","timestamp":1721118993215}
{"id":77713,"type":"warn","level":2,"name":"adapter","meta":{"paths":["rbk1hq"]},"content":"Session timed out, will retry in 5s...","timestamp":1721118993236}
{"id":77719,"type":"info","level":2,"name":"adapter","meta":{"paths":["rbk1hq"]},"content":"connect to server: \u001b[38;5;44mwss://api.sgroup.qq.com/websocket\u001b[0m","timestamp":1721118998606}
{"id":77865,"type":"warn","level":2,"name":"qq","meta":{"paths":["rbk1hq"]},"content":"offline: server request reconnect","timestamp":1721120798610}
{"id":77867,"type":"warn","level":2,"name":"adapter","meta":{"paths":["rbk1hq"]},"content":"Session timed out, will retry in 5s...","timestamp":1721120798627}
{"id":77873,"type":"info","level":2,"name":"adapter","meta":{"paths":["rbk1hq"]},"content":"connect to server: \u001b[38;5;44mwss://api.sgroup.qq.com/websocket\u001b[0m","timestamp":1721120803988}
{"id":78141,"type":"warn","level":2,"name":"qq","meta":{"paths":["rbk1hq"]},"content":"offline: server request reconnect","timestamp":1721122603988}
{"id":78143,"type":"warn","level":2,"name":"adapter","meta":{"paths":["rbk1hq"]},"content":"Session timed out, will retry in 5s...","timestamp":1721122604006}
{"id":78149,"type":"info","level":2,"name":"adapter","meta":{"paths":["rbk1hq"]},"content":"connect to server: \u001b[38;5;44mwss://api.sgroup.qq.com/websocket\u001b[0m","timestamp":1721122609380}
{"id":78369,"type":"warn","level":2,"name":"qq","meta":{"paths":["rbk1hq"]},"content":"offline: server request reconnect","timestamp":1721124409385}
{"id":78371,"type":"warn","level":2,"name":"adapter","meta":{"paths":["rbk1hq"]},"content":"Session timed out, will retry in 5s...","timestamp":1721124409407}
{"id":78377,"type":"info","level":2,"name":"adapter","meta":{"paths":["rbk1hq"]},"content":"connect to server: \u001b[38;5;44mwss://api.sgroup.qq.com/websocket\u001b[0m","timestamp":1721124414790}
{"id":78593,"type":"warn","level":2,"name":"qq","meta":{"paths":["rbk1hq"]},"content":"offline: server request reconnect","timestamp":1721126214785}
{"id":78595,"type":"warn","level":2,"name":"adapter","meta":{"paths":["rbk1hq"]},"content":"Session timed out, will retry in 5s...","timestamp":1721126214808}
{"id":78601,"type":"info","level":2,"name":"adapter","meta":{"paths":["rbk1hq"]},"content":"connect to server: \u001b[38;5;44mwss://api.sgroup.qq.com/websocket\u001b[0m","timestamp":1721126220196}
{"id":79083,"type":"warn","level":2,"name":"qq","meta":{"paths":["rbk1hq"]},"content":"offline: server request reconnect","timestamp":1721128020191}
{"id":79085,"type":"warn","level":2,"name":"adapter","meta":{"paths":["rbk1hq"]},"content":"Session timed out, will retry in 5s...","timestamp":1721128020209}
{"id":79091,"type":"info","level":2,"name":"adapter","meta":{"paths":["rbk1hq"]},"content":"connect to server: \u001b[38;5;44mwss://api.sgroup.qq.com/websocket\u001b[0m","timestamp":1721128025584}
{"id":79429,"type":"warn","level":2,"name":"app","meta":{"paths":["cpxhww"]},"content":"Error: property database is not registered, declare it as `inject` to suppress this warning\n    at ReflectService.checkInject (C:\\Users\\Administrator\\AppData\\Roaming\\Koishi\\Desktop\\data\\instances\\default\\node_modules\\@cordisjs\\core\\lib\\index.cjs:276:21)\n    at Object.get (C:\\Users\\Administrator\\AppData\\Roaming\\Koishi\\Desktop\\data\\instances\\default\\node_modules\\@cordisjs\\core\\lib\\index.cjs:294:27)\n    at Command.<anonymous> (C:\\Users\\Administrator\\AppData\\Roaming\\Koishi\\Desktop\\data\\instances\\default\\node_modules\\koishi-plugin-jrrp\\src\\core.js:56:15)\n    at Array.<anonymous> (C:\\Users\\Administrator\\AppData\\Roaming\\Koishi\\Desktop\\data\\instances\\default\\node_modules\\@koishijs\\core\\lib\\index.cjs:1114:27)\n    at argv.next (C:\\Users\\Administrator\\AppData\\Roaming\\Koishi\\Desktop\\data\\instances\\default\\node_modules\\@koishijs\\core\\lib\\index.cjs:1125:30)\n    at Command.execute (C:\\Users\\Administrator\\AppData\\Roaming\\Koishi\\Desktop\\data\\instances\\default\\node_modules\\@koishijs\\core\\lib\\index.cjs:1128:33)\n    at process.processTicksAndRejections (node:internal/process/task_queues:95:5)\n    at async C:\\Users\\Administrator\\AppData\\Roaming\\Koishi\\Desktop\\data\\instances\\default\\node_modules\\@koishijs\\core\\lib\\index.cjs:2162:22\n    at async Proxy.withScope (C:\\Users\\Administrator\\AppData\\Roaming\\Koishi\\Desktop\\data\\instances\\default\\node_modules\\@koishijs\\core\\lib\\index.cjs:2065:22)\n    at async next (C:\\Users\\Administrator\\AppData\\Roaming\\Koishi\\Desktop\\data\\instances\\default\\node_modules\\@koishijs\\core\\lib\\index.cjs:853:16)","timestamp":1721128908672}
{"id":79484,"type":"warn","level":2,"name":"app","meta":{"paths":["cpxhww"]},"content":"Error: property database is not registered, declare it as `inject` to suppress this warning\n    at ReflectService.checkInject (C:\\Users\\Administrator\\AppData\\Roaming\\Koishi\\Desktop\\data\\instances\\default\\node_modules\\@cordisjs\\core\\lib\\index.cjs:276:21)\n    at Object.get (C:\\Users\\Administrator\\AppData\\Roaming\\Koishi\\Desktop\\data\\instances\\default\\node_modules\\@cordisjs\\core\\lib\\index.cjs:294:27)\n    at Command.<anonymous> (C:\\Users\\Administrator\\AppData\\Roaming\\Koishi\\Desktop\\data\\instances\\default\\node_modules\\koishi-plugin-jrrp\\src\\core.js:56:15)\n    at Array.<anonymous> (C:\\Users\\Administrator\\AppData\\Roaming\\Koishi\\Desktop\\data\\instances\\default\\node_modules\\@koishijs\\core\\lib\\index.cjs:1114:27)\n    at argv.next (C:\\Users\\Administrator\\AppData\\Roaming\\Koishi\\Desktop\\data\\instances\\default\\node_modules\\@koishijs\\core\\lib\\index.cjs:1125:30)\n    at Command.execute (C:\\Users\\Administrator\\AppData\\Roaming\\Koishi\\Desktop\\data\\instances\\default\\node_modules\\@koishijs\\core\\lib\\index.cjs:1128:33)\n    at process.processTicksAndRejections (node:internal/process/task_queues:95:5)\n    at async C:\\Users\\Administrator\\AppData\\Roaming\\Koishi\\Desktop\\data\\instances\\default\\node_modules\\@koishijs\\core\\lib\\index.cjs:2162:22\n    at async Proxy.withScope (C:\\Users\\Administrator\\AppData\\Roaming\\Koishi\\Desktop\\data\\instances\\default\\node_modules\\@koishijs\\core\\lib\\index.cjs:2065:22)\n    at async next (C:\\Users\\Administrator\\AppData\\Roaming\\Koishi\\Desktop\\data\\instances\\default\\node_modules\\@koishijs\\core\\lib\\index.cjs:853:16)","timestamp":1721128932860}
{"id":79511,"type":"warn","level":2,"name":"app","meta":{"paths":["cpxhww"]},"content":"Error: property database is not registered, declare it as `inject` to suppress this warning\n    at ReflectService.checkInject (C:\\Users\\Administrator\\AppData\\Roaming\\Koishi\\Desktop\\data\\instances\\default\\node_modules\\@cordisjs\\core\\lib\\index.cjs:276:21)\n    at Object.get (C:\\Users\\Administrator\\AppData\\Roaming\\Koishi\\Desktop\\data\\instances\\default\\node_modules\\@cordisjs\\core\\lib\\index.cjs:294:27)\n    at Command.<anonymous> (C:\\Users\\Administrator\\AppData\\Roaming\\Koishi\\Desktop\\data\\instances\\default\\node_modules\\koishi-plugin-jrrp\\src\\core.js:56:15)\n    at Array.<anonymous> (C:\\Users\\Administrator\\AppData\\Roaming\\Koishi\\Desktop\\data\\instances\\default\\node_modules\\@koishijs\\core\\lib\\index.cjs:1114:27)\n    at argv.next (C:\\Users\\Administrator\\AppData\\Roaming\\Koishi\\Desktop\\data\\instances\\default\\node_modules\\@koishijs\\core\\lib\\index.cjs:1125:30)\n    at Command.execute (C:\\Users\\Administrator\\AppData\\Roaming\\Koishi\\Desktop\\data\\instances\\default\\node_modules\\@koishijs\\core\\lib\\index.cjs:1128:33)\n    at process.processTicksAndRejections (node:internal/process/task_queues:95:5)\n    at async C:\\Users\\Administrator\\AppData\\Roaming\\Koishi\\Desktop\\data\\instances\\default\\node_modules\\@koishijs\\core\\lib\\index.cjs:2162:22\n    at async Proxy.withScope (C:\\Users\\Administrator\\AppData\\Roaming\\Koishi\\Desktop\\data\\instances\\default\\node_modules\\@koishijs\\core\\lib\\index.cjs:2065:22)\n    at async next (C:\\Users\\Administrator\\AppData\\Roaming\\Koishi\\Desktop\\data\\instances\\default\\node_modules\\@koishijs\\core\\lib\\index.cjs:853:16)","timestamp":1721128942449}
{"id":79543,"type":"warn","level":2,"name":"app","meta":{"paths":["cpxhww"]},"content":"Error: property database is not registered, declare it as `inject` to suppress this warning\n    at ReflectService.checkInject (C:\\Users\\Administrator\\AppData\\Roaming\\Koishi\\Desktop\\data\\instances\\default\\node_modules\\@cordisjs\\core\\lib\\index.cjs:276:21)\n    at Object.get (C:\\Users\\Administrator\\AppData\\Roaming\\Koishi\\Desktop\\data\\instances\\default\\node_modules\\@cordisjs\\core\\lib\\index.cjs:294:27)\n    at Command.<anonymous> (C:\\Users\\Administrator\\AppData\\Roaming\\Koishi\\Desktop\\data\\instances\\default\\node_modules\\koishi-plugin-jrrp\\src\\core.js:56:15)\n    at Array.<anonymous> (C:\\Users\\Administrator\\AppData\\Roaming\\Koishi\\Desktop\\data\\instances\\default\\node_modules\\@koishijs\\core\\lib\\index.cjs:1114:27)\n    at argv.next (C:\\Users\\Administrator\\AppData\\Roaming\\Koishi\\Desktop\\data\\instances\\default\\node_modules\\@koishijs\\core\\lib\\index.cjs:1125:30)\n    at Command.execute (C:\\Users\\Administrator\\AppData\\Roaming\\Koishi\\Desktop\\data\\instances\\default\\node_modules\\@koishijs\\core\\lib\\index.cjs:1128:33)\n    at process.processTicksAndRejections (node:internal/process/task_queues:95:5)\n    at async C:\\Users\\Administrator\\AppData\\Roaming\\Koishi\\Desktop\\data\\instances\\default\\node_modules\\@koishijs\\core\\lib\\index.cjs:2162:22\n    at async Proxy.withScope (C:\\Users\\Administrator\\AppData\\Roaming\\Koishi\\Desktop\\data\\instances\\default\\node_modules\\@koishijs\\core\\lib\\index.cjs:2065:22)\n    at async next (C:\\Users\\Administrator\\AppData\\Roaming\\Koishi\\Desktop\\data\\instances\\default\\node_modules\\@koishijs\\core\\lib\\index.cjs:853:16)","timestamp":1721128948486}
{"id":79597,"type":"warn","level":2,"name":"app","meta":{"paths":["cpxhww"]},"content":"Error: property database is not registered, declare it as `inject` to suppress this warning\n    at ReflectService.checkInject (C:\\Users\\Administrator\\AppData\\Roaming\\Koishi\\Desktop\\data\\instances\\default\\node_modules\\@cordisjs\\core\\lib\\index.cjs:276:21)\n    at Object.get (C:\\Users\\Administrator\\AppData\\Roaming\\Koishi\\Desktop\\data\\instances\\default\\node_modules\\@cordisjs\\core\\lib\\index.cjs:294:27)\n    at Command.<anonymous> (C:\\Users\\Administrator\\AppData\\Roaming\\Koishi\\Desktop\\data\\instances\\default\\node_modules\\koishi-plugin-jrrp\\src\\core.js:56:15)\n    at Array.<anonymous> (C:\\Users\\Administrator\\AppData\\Roaming\\Koishi\\Desktop\\data\\instances\\default\\node_modules\\@koishijs\\core\\lib\\index.cjs:1114:27)\n    at argv.next (C:\\Users\\Administrator\\AppData\\Roaming\\Koishi\\Desktop\\data\\instances\\default\\node_modules\\@koishijs\\core\\lib\\index.cjs:1125:30)\n    at Command.execute (C:\\Users\\Administrator\\AppData\\Roaming\\Koishi\\Desktop\\data\\instances\\default\\node_modules\\@koishijs\\core\\lib\\index.cjs:1128:33)\n    at process.processTicksAndRejections (node:internal/process/task_queues:95:5)\n    at async C:\\Users\\Administrator\\AppData\\Roaming\\Koishi\\Desktop\\data\\instances\\default\\node_modules\\@koishijs\\core\\lib\\index.cjs:2162:22\n    at async Proxy.withScope (C:\\Users\\Administrator\\AppData\\Roaming\\Koishi\\Desktop\\data\\instances\\default\\node_modules\\@koishijs\\core\\lib\\index.cjs:2065:22)\n    at async next (C:\\Users\\Administrator\\AppData\\Roaming\\Koishi\\Desktop\\data\\instances\\default\\node_modules\\@koishijs\\core\\lib\\index.cjs:853:16)","timestamp":1721128986722}
{"id":79626,"type":"warn","level":2,"name":"app","meta":{"paths":["cpxhww"]},"content":"Error: property database is not registered, declare it as `inject` to suppress this warning\n    at ReflectService.checkInject (C:\\Users\\Administrator\\AppData\\Roaming\\Koishi\\Desktop\\data\\instances\\default\\node_modules\\@cordisjs\\core\\lib\\index.cjs:276:21)\n    at Object.get (C:\\Users\\Administrator\\AppData\\Roaming\\Koishi\\Desktop\\data\\instances\\default\\node_modules\\@cordisjs\\core\\lib\\index.cjs:294:27)\n    at Command.<anonymous> (C:\\Users\\Administrator\\AppData\\Roaming\\Koishi\\Desktop\\data\\instances\\default\\node_modules\\koishi-plugin-jrrp\\src\\core.js:56:15)\n    at Array.<anonymous> (C:\\Users\\Administrator\\AppData\\Roaming\\Koishi\\Desktop\\data\\instances\\default\\node_modules\\@koishijs\\core\\lib\\index.cjs:1114:27)\n    at argv.next (C:\\Users\\Administrator\\AppData\\Roaming\\Koishi\\Desktop\\data\\instances\\default\\node_modules\\@koishijs\\core\\lib\\index.cjs:1125:30)\n    at Command.execute (C:\\Users\\Administrator\\AppData\\Roaming\\Koishi\\Desktop\\data\\instances\\default\\node_modules\\@koishijs\\core\\lib\\index.cjs:1128:33)\n    at process.processTicksAndRejections (node:internal/process/task_queues:95:5)\n    at async C:\\Users\\Administrator\\AppData\\Roaming\\Koishi\\Desktop\\data\\instances\\default\\node_modules\\@koishijs\\core\\lib\\index.cjs:2162:22\n    at async Proxy.withScope (C:\\Users\\Administrator\\AppData\\Roaming\\Koishi\\Desktop\\data\\instances\\default\\node_modules\\@koishijs\\core\\lib\\index.cjs:2065:22)\n    at async next (C:\\Users\\Administrator\\AppData\\Roaming\\Koishi\\Desktop\\data\\instances\\default\\node_modules\\@koishijs\\core\\lib\\index.cjs:853:16)","timestamp":1721128995280}
{"id":80250,"type":"warn","level":2,"name":"qq","meta":{"paths":["rbk1hq"]},"content":"offline: server request reconnect","timestamp":1721129825567}
{"id":80252,"type":"warn","level":2,"name":"adapter","meta":{"paths":["rbk1hq"]},"content":"Session timed out, will retry in 5s...","timestamp":1721129825587}
{"id":80268,"type":"info","level":2,"name":"adapter","meta":{"paths":["rbk1hq"]},"content":"connect to server: \u001b[38;5;44mwss://api.sgroup.qq.com/websocket\u001b[0m","timestamp":1721129830932}
{"id":80830,"type":"warn","level":2,"name":"qq","meta":{"paths":["rbk1hq"]},"content":"offline: server request reconnect","timestamp":1721131630947}
{"id":80832,"type":"warn","level":2,"name":"adapter","meta":{"paths":["rbk1hq"]},"content":"Session timed out, will retry in 5s...","timestamp":1721131630965}
{"id":80838,"type":"info","level":2,"name":"adapter","meta":{"paths":["rbk1hq"]},"content":"connect to server: \u001b[38;5;44mwss://api.sgroup.qq.com/websocket\u001b[0m","timestamp":1721131636303}
{"id":81110,"type":"warn","level":2,"name":"qq","meta":{"paths":["rbk1hq"]},"content":"offline: server request reconnect","timestamp":1721133436302}
{"id":81112,"type":"warn","level":2,"name":"adapter","meta":{"paths":["rbk1hq"]},"content":"Session timed out, will retry in 5s...","timestamp":1721133436319}
{"id":81118,"type":"info","level":2,"name":"adapter","meta":{"paths":["rbk1hq"]},"content":"connect to server: \u001b[38;5;44mwss://api.sgroup.qq.com/websocket\u001b[0m","timestamp":1721133441689}
{"id":81398,"type":"warn","level":2,"name":"qq","meta":{"paths":["rbk1hq"]},"content":"offline: server request reconnect","timestamp":1721135241681}
{"id":81400,"type":"warn","level":2,"name":"adapter","meta":{"paths":["rbk1hq"]},"content":"Session timed out, will retry in 5s...","timestamp":1721135241699}
{"id":81406,"type":"info","level":2,"name":"adapter","meta":{"paths":["rbk1hq"]},"content":"connect to server: \u001b[38;5;44mwss://api.sgroup.qq.com/websocket\u001b[0m","timestamp":1721135247072}
{"id":81832,"type":"warn","level":2,"name":"qq","meta":{"paths":["rbk1hq"]},"content":"offline: server request reconnect","timestamp":1721137047073}
{"id":81834,"type":"warn","level":2,"name":"adapter","meta":{"paths":["rbk1hq"]},"content":"Session timed out, will retry in 5s...","timestamp":1721137047095}
{"id":81840,"type":"info","level":2,"name":"adapter","meta":{"paths":["rbk1hq"]},"content":"connect to server: \u001b[38;5;44mwss://api.sgroup.qq.com/websocket\u001b[0m","timestamp":1721137052461}
{"id":82054,"type":"warn","level":2,"name":"qq","meta":{"paths":["rbk1hq"]},"content":"offline: server request reconnect","timestamp":1721138852461}
{"id":82056,"type":"warn","level":2,"name":"adapter","meta":{"paths":["rbk1hq"]},"content":"Session timed out, will retry in 5s...","timestamp":1721138852478}
{"id":82062,"type":"info","level":2,"name":"adapter","meta":{"paths":["rbk1hq"]},"content":"connect to server: \u001b[38;5;44mwss://api.sgroup.qq.com/websocket\u001b[0m","timestamp":1721138857854}
{"id":82464,"type":"warn","level":2,"name":"qq","meta":{"paths":["rbk1hq"]},"content":"offline: server request reconnect","timestamp":1721140657857}
{"id":82466,"type":"warn","level":2,"name":"adapter","meta":{"paths":["rbk1hq"]},"content":"Session timed out, will retry in 5s...","timestamp":1721140657879}
{"id":82472,"type":"info","level":2,"name":"adapter","meta":{"paths":["rbk1hq"]},"content":"connect to server: \u001b[38;5;44mwss://api.sgroup.qq.com/websocket\u001b[0m","timestamp":1721140663216}
{"id":82960,"type":"warn","level":2,"name":"qq","meta":{"paths":["rbk1hq"]},"content":"offline: server request reconnect","timestamp":1721142463219}
{"id":82962,"type":"warn","level":2,"name":"adapter","meta":{"paths":["rbk1hq"]},"content":"Session timed out, will retry in 5s...","timestamp":1721142463236}
{"id":82970,"type":"info","level":2,"name":"adapter","meta":{"paths":["rbk1hq"]},"content":"connect to server: \u001b[38;5;44mwss://api.sgroup.qq.com/websocket\u001b[0m","timestamp":1721142468609}
{"id":83430,"type":"error","level":1,"name":"beauty-huluxia","meta":{},"content":"Error fetching image: fetch https://moe.jitsu.top/img/?sort=furry&type=json failed","timestamp":1721143462072}
{"id":83435,"type":"warn","level":2,"name":"app","meta":{"paths":["cpxhww"]},"content":"Error: property database is not registered, declare it as `inject` to suppress this warning\n    at ReflectService.checkInject (C:\\Users\\Administrator\\AppData\\Roaming\\Koishi\\Desktop\\data\\instances\\default\\node_modules\\@cordisjs\\core\\lib\\index.cjs:276:21)\n    at Object.get (C:\\Users\\Administrator\\AppData\\Roaming\\Koishi\\Desktop\\data\\instances\\default\\node_modules\\@cordisjs\\core\\lib\\index.cjs:294:27)\n    at Command.<anonymous> (C:\\Users\\Administrator\\AppData\\Roaming\\Koishi\\Desktop\\data\\instances\\default\\node_modules\\koishi-plugin-jrrp\\src\\core.js:56:15)\n    at Array.<anonymous> (C:\\Users\\Administrator\\AppData\\Roaming\\Koishi\\Desktop\\data\\instances\\default\\node_modules\\@koishijs\\core\\lib\\index.cjs:1114:27)\n    at argv.next (C:\\Users\\Administrator\\AppData\\Roaming\\Koishi\\Desktop\\data\\instances\\default\\node_modules\\@koishijs\\core\\lib\\index.cjs:1125:30)\n    at Command.execute (C:\\Users\\Administrator\\AppData\\Roaming\\Koishi\\Desktop\\data\\instances\\default\\node_modules\\@koishijs\\core\\lib\\index.cjs:1128:33)\n    at process.processTicksAndRejections (node:internal/process/task_queues:95:5)\n    at async C:\\Users\\Administrator\\AppData\\Roaming\\Koishi\\Desktop\\data\\instances\\default\\node_modules\\@koishijs\\core\\lib\\index.cjs:2162:22\n    at async Proxy.withScope (C:\\Users\\Administrator\\AppData\\Roaming\\Koishi\\Desktop\\data\\instances\\default\\node_modules\\@koishijs\\core\\lib\\index.cjs:2065:22)\n    at async next (C:\\Users\\Administrator\\AppData\\Roaming\\Koishi\\Desktop\\data\\instances\\default\\node_modules\\@koishijs\\core\\lib\\index.cjs:853:16)","timestamp":1721143481046}
{"id":83441,"type":"error","level":1,"name":"beauty-huluxia","meta":{},"content":"Error fetching image: fetch https://moe.jitsu.top/img/?sort=furry&type=json failed","timestamp":1721143481104}
{"id":83447,"type":"error","level":1,"name":"beauty-huluxia","meta":{},"content":"Error fetching image: fetch https://moe.jitsu.top/img/?sort=furry&type=json failed","timestamp":1721143498214}
{"id":83507,"type":"warn","level":2,"name":"qq","meta":{"paths":["rbk1hq"]},"content":"offline: server request reconnect","timestamp":1721144268600}
{"id":83509,"type":"warn","level":2,"name":"adapter","meta":{"paths":["rbk1hq"]},"content":"Session timed out, will retry in 5s...","timestamp":1721144268623}
{"id":83515,"type":"info","level":2,"name":"adapter","meta":{"paths":["rbk1hq"]},"content":"connect to server: \u001b[38;5;44mwss://api.sgroup.qq.com/websocket\u001b[0m","timestamp":1721144274054}
{"id":83728,"type":"warn","level":2,"name":"qq","meta":{"paths":["rbk1hq"]},"content":"offline: server request reconnect","timestamp":1721146074061}
{"id":83730,"type":"warn","level":2,"name":"adapter","meta":{"paths":["rbk1hq"]},"content":"Session timed out, will retry in 5s...","timestamp":1721146074081}
{"id":83736,"type":"info","level":2,"name":"adapter","meta":{"paths":["rbk1hq"]},"content":"connect to server: \u001b[38;5;44mwss://api.sgroup.qq.com/websocket\u001b[0m","timestamp":1721146079449}
{"id":83869,"type":"warn","level":2,"name":"qq","meta":{"paths":["rbk1hq"]},"content":"offline: server request reconnect","timestamp":1721147879455}
{"id":83871,"type":"warn","level":2,"name":"adapter","meta":{"paths":["rbk1hq"]},"content":"Session timed out, will retry in 5s...","timestamp":1721147879479}
{"id":83877,"type":"info","level":2,"name":"adapter","meta":{"paths":["rbk1hq"]},"content":"connect to server: \u001b[38;5;44mwss://api.sgroup.qq.com/websocket\u001b[0m","timestamp":1721147884852}
{"id":84013,"type":"warn","level":2,"name":"qq","meta":{"paths":["rbk1hq"]},"content":"offline: server request reconnect","timestamp":1721149684846}
{"id":84015,"type":"warn","level":2,"name":"adapter","meta":{"paths":["rbk1hq"]},"content":"Session timed out, will retry in 5s...","timestamp":1721149684867}
{"id":84021,"type":"info","level":2,"name":"adapter","meta":{"paths":["rbk1hq"]},"content":"connect to server: \u001b[38;5;44mwss://api.sgroup.qq.com/websocket\u001b[0m","timestamp":1721149690250}
{"id":84117,"type":"warn","level":2,"name":"qq","meta":{"paths":["rbk1hq"]},"content":"offline: server request reconnect","timestamp":1721151490250}
{"id":84119,"type":"warn","level":2,"name":"adapter","meta":{"paths":["rbk1hq"]},"content":"Session timed out, will retry in 5s...","timestamp":1721151490269}
{"id":84125,"type":"info","level":2,"name":"adapter","meta":{"paths":["rbk1hq"]},"content":"connect to server: \u001b[38;5;44mwss://api.sgroup.qq.com/websocket\u001b[0m","timestamp":1721151495635}
{"id":84601,"type":"warn","level":2,"name":"qq","meta":{"paths":["rbk1hq"]},"content":"offline: server request reconnect","timestamp":1721153295637}
{"id":84603,"type":"warn","level":2,"name":"adapter","meta":{"paths":["rbk1hq"]},"content":"Session timed out, will retry in 5s...","timestamp":1721153295655}
{"id":84611,"type":"info","level":2,"name":"adapter","meta":{"paths":["rbk1hq"]},"content":"connect to server: \u001b[38;5;44mwss://api.sgroup.qq.com/websocket\u001b[0m","timestamp":1721153301008}
{"id":85170,"type":"warn","level":2,"name":"qq","meta":{"paths":["rbk1hq"]},"content":"offline: server request reconnect","timestamp":1721155101005}
{"id":85172,"type":"warn","level":2,"name":"adapter","meta":{"paths":["rbk1hq"]},"content":"Session timed out, will retry in 5s...","timestamp":1721155101024}
{"id":85178,"type":"info","level":2,"name":"adapter","meta":{"paths":["rbk1hq"]},"content":"connect to server: \u001b[38;5;44mwss://api.sgroup.qq.com/websocket\u001b[0m","timestamp":1721155106388}
{"id":85316,"type":"warn","level":2,"name":"qq","meta":{"paths":["rbk1hq"]},"content":"offline: server request reconnect","timestamp":1721156906390}
{"id":85318,"type":"warn","level":2,"name":"adapter","meta":{"paths":["rbk1hq"]},"content":"Session timed out, will retry in 5s...","timestamp":1721156906407}
{"id":85324,"type":"info","level":2,"name":"adapter","meta":{"paths":["rbk1hq"]},"content":"connect to server: \u001b[38;5;44mwss://api.sgroup.qq.com/websocket\u001b[0m","timestamp":1721156911756}
{"id":85531,"type":"warn","level":2,"name":"qq","meta":{"paths":["rbk1hq"]},"content":"offline: server request reconnect","timestamp":1721158711756}
{"id":85533,"type":"warn","level":2,"name":"adapter","meta":{"paths":["rbk1hq"]},"content":"Session timed out, will retry in 5s...","timestamp":1721158711776}
{"id":85539,"type":"info","level":2,"name":"adapter","meta":{"paths":["rbk1hq"]},"content":"connect to server: \u001b[38;5;44mwss://api.sgroup.qq.com/websocket\u001b[0m","timestamp":1721158717133}
{"id":85596,"type":"warn","level":2,"name":"qq","meta":{"paths":["rbk1hq"]},"content":"offline: server request reconnect","timestamp":1721160517128}
{"id":85598,"type":"warn","level":2,"name":"adapter","meta":{"paths":["rbk1hq"]},"content":"Session timed out, will retry in 5s...","timestamp":1721160517146}
{"id":85604,"type":"info","level":2,"name":"adapter","meta":{"paths":["rbk1hq"]},"content":"connect to server: \u001b[38;5;44mwss://api.sgroup.qq.com/websocket\u001b[0m","timestamp":1721160522487}
{"id":85661,"type":"warn","level":2,"name":"qq","meta":{"paths":["rbk1hq"]},"content":"offline: server request reconnect","timestamp":1721162322482}
{"id":85663,"type":"warn","level":2,"name":"adapter","meta":{"paths":["rbk1hq"]},"content":"Session timed out, will retry in 5s...","timestamp":1721162322504}
{"id":85669,"type":"info","level":2,"name":"adapter","meta":{"paths":["rbk1hq"]},"content":"connect to server: \u001b[38;5;44mwss://api.sgroup.qq.com/websocket\u001b[0m","timestamp":1721162327848}
{"id":85726,"type":"warn","level":2,"name":"qq","meta":{"paths":["rbk1hq"]},"content":"offline: server request reconnect","timestamp":1721164127842}
{"id":85728,"type":"warn","level":2,"name":"adapter","meta":{"paths":["rbk1hq"]},"content":"Session timed out, will retry in 5s...","timestamp":1721164127860}
{"id":85734,"type":"info","level":2,"name":"adapter","meta":{"paths":["rbk1hq"]},"content":"connect to server: \u001b[38;5;44mwss://api.sgroup.qq.com/websocket\u001b[0m","timestamp":1721164133211}
{"id":85798,"type":"warn","level":2,"name":"qq","meta":{"paths":["rbk1hq"]},"content":"offline: server request reconnect","timestamp":1721165933221}
{"id":85800,"type":"warn","level":2,"name":"adapter","meta":{"paths":["rbk1hq"]},"content":"Session timed out, will retry in 5s...","timestamp":1721165933239}
{"id":85806,"type":"info","level":2,"name":"adapter","meta":{"paths":["rbk1hq"]},"content":"connect to server: \u001b[38;5;44mwss://api.sgroup.qq.com/websocket\u001b[0m","timestamp":1721165938596}
{"id":85897,"type":"warn","level":2,"name":"qq","meta":{"paths":["rbk1hq"]},"content":"offline: server request reconnect","timestamp":1721167738593}
{"id":85899,"type":"warn","level":2,"name":"adapter","meta":{"paths":["rbk1hq"]},"content":"Session timed out, will retry in 5s...","timestamp":1721167738614}
{"id":85905,"type":"info","level":2,"name":"adapter","meta":{"paths":["rbk1hq"]},"content":"connect to server: \u001b[38;5;44mwss://api.sgroup.qq.com/websocket\u001b[0m","timestamp":1721167743997}
{"id":85962,"type":"warn","level":2,"name":"qq","meta":{"paths":["rbk1hq"]},"content":"offline: server request reconnect","timestamp":1721169543997}
{"id":85964,"type":"warn","level":2,"name":"adapter","meta":{"paths":["rbk1hq"]},"content":"Session timed out, will retry in 5s...","timestamp":1721169544014}
{"id":85970,"type":"info","level":2,"name":"adapter","meta":{"paths":["rbk1hq"]},"content":"connect to server: \u001b[38;5;44mwss://api.sgroup.qq.com/websocket\u001b[0m","timestamp":1721169549372}
{"id":86046,"type":"warn","level":2,"name":"qq","meta":{"paths":["rbk1hq"]},"content":"offline: server request reconnect","timestamp":1721171349373}
{"id":86048,"type":"warn","level":2,"name":"adapter","meta":{"paths":["rbk1hq"]},"content":"Session timed out, will retry in 5s...","timestamp":1721171349390}
{"id":86054,"type":"info","level":2,"name":"adapter","meta":{"paths":["rbk1hq"]},"content":"connect to server: \u001b[38;5;44mwss://api.sgroup.qq.com/websocket\u001b[0m","timestamp":1721171354763}
{"id":86157,"type":"warn","level":2,"name":"qq","meta":{"paths":["rbk1hq"]},"content":"offline: server request reconnect","timestamp":1721173154762}
{"id":86159,"type":"warn","level":2,"name":"adapter","meta":{"paths":["rbk1hq"]},"content":"Session timed out, will retry in 5s...","timestamp":1721173154782}
{"id":86165,"type":"info","level":2,"name":"adapter","meta":{"paths":["rbk1hq"]},"content":"connect to server: \u001b[38;5;44mwss://api.sgroup.qq.com/websocket\u001b[0m","timestamp":1721173160148}
