{"id":26277,"type":"warn","level":2,"name":"qq","meta":{"paths":["rbk1hq"]},"content":"offline: server request reconnect","timestamp":1719965704176}
{"id":26279,"type":"warn","level":2,"name":"adapter","meta":{"paths":["rbk1hq"]},"content":"Session timed out, will retry in 5s...","timestamp":1719965704201}
{"id":26285,"type":"info","level":2,"name":"adapter","meta":{"paths":["rbk1hq"]},"content":"connect to server: \u001b[38;5;44mwss://api.sgroup.qq.com/websocket\u001b[0m","timestamp":1719965709547}
{"id":26387,"type":"warn","level":2,"name":"qq","meta":{"paths":["rbk1hq"]},"content":"offline: server request reconnect","timestamp":1719967509553}
{"id":26389,"type":"warn","level":2,"name":"adapter","meta":{"paths":["rbk1hq"]},"content":"Session timed out, will retry in 5s...","timestamp":1719967509569}
{"id":26395,"type":"info","level":2,"name":"adapter","meta":{"paths":["rbk1hq"]},"content":"connect to server: \u001b[38;5;44mwss://api.sgroup.qq.com/websocket\u001b[0m","timestamp":1719967514951}
{"id":26480,"type":"warn","level":2,"name":"qq","meta":{"paths":["rbk1hq"]},"content":"offline: server request reconnect","timestamp":1719969314954}
{"id":26482,"type":"warn","level":2,"name":"adapter","meta":{"paths":["rbk1hq"]},"content":"Session timed out, will retry in 5s...","timestamp":1719969314976}
{"id":26488,"type":"info","level":2,"name":"adapter","meta":{"paths":["rbk1hq"]},"content":"connect to server: \u001b[38;5;44mwss://api.sgroup.qq.com/websocket\u001b[0m","timestamp":1719969320354}
{"id":26582,"type":"warn","level":2,"name":"qq","meta":{"paths":["rbk1hq"]},"content":"offline: server request reconnect","timestamp":1719971120360}
{"id":26584,"type":"warn","level":2,"name":"adapter","meta":{"paths":["rbk1hq"]},"content":"Session timed out, will retry in 5s...","timestamp":1719971120383}
{"id":26590,"type":"info","level":2,"name":"adapter","meta":{"paths":["rbk1hq"]},"content":"connect to server: \u001b[38;5;44mwss://api.sgroup.qq.com/websocket\u001b[0m","timestamp":1719971125730}
{"id":26714,"type":"warn","level":2,"name":"console","meta":{},"content":"TypeError: runtime.using is not iterable\n    at addDeps (C:\\Users\\Administrator\\AppData\\Roaming\\Koishi\\Desktop\\data\\instances\\default\\node_modules\\@koishijs\\plugin-insight\\lib\\index.cjs:107:37)\n    at Proxy.get (C:\\Users\\Administrator\\AppData\\Roaming\\Koishi\\Desktop\\data\\instances\\default\\node_modules\\@koishijs\\plugin-insight\\lib\\index.cjs:123:9)\n    at Object.apply (C:\\Users\\Administrator\\AppData\\Roaming\\Koishi\\Desktop\\data\\instances\\default\\node_modules\\@cordisjs\\core\\lib\\index.cjs:176:40)\n    at C:\\Users\\Administrator\\AppData\\Roaming\\Koishi\\Desktop\\data\\instances\\default\\node_modules\\@koishijs\\console\\lib\\index.js:147:37\n    at process.processTicksAndRejections (node:internal/process/task_queues:95:5)","timestamp":1719972206771}
{"id":26730,"type":"warn","level":2,"name":"console","meta":{},"content":"TypeError: runtime.using is not iterable\n    at addDeps (C:\\Users\\Administrator\\AppData\\Roaming\\Koishi\\Desktop\\data\\instances\\default\\node_modules\\@koishijs\\plugin-insight\\lib\\index.cjs:107:37)\n    at Proxy.get (C:\\Users\\Administrator\\AppData\\Roaming\\Koishi\\Desktop\\data\\instances\\default\\node_modules\\@koishijs\\plugin-insight\\lib\\index.cjs:123:9)\n    at Object.apply (C:\\Users\\Administrator\\AppData\\Roaming\\Koishi\\Desktop\\data\\instances\\default\\node_modules\\@cordisjs\\core\\lib\\index.cjs:176:40)\n    at C:\\Users\\Administrator\\AppData\\Roaming\\Koishi\\Desktop\\data\\instances\\default\\node_modules\\@koishijs\\console\\lib\\index.js:147:37\n    at process.processTicksAndRejections (node:internal/process/task_queues:95:5)","timestamp":1719972214294}
{"id":26750,"type":"info","level":2,"name":"market","meta":{},"content":"\u001b[1mYarn 4.1.1\u001b[22m","timestamp":1719972236260}
{"id":26751,"type":"info","level":2,"name":"market","meta":{},"content":"┌ Resolution step","timestamp":1719972236304}
{"id":26752,"type":"info","level":2,"name":"market","meta":{},"content":"\u001b[38;2;95;175;0m+\u001b[39m \u001b[38;2;215;95;0m@koishijs/\u001b[39m\u001b[38;2;215;135;95mplugin-adapter-discord\u001b[39m\u001b[38;2;135;175;255m@\u001b[39m\u001b[38;2;135;175;255mnpm:4.5.6\u001b[39m, \u001b[38;2;215;95;0m@koishijs/\u001b[39m\u001b[38;2;215;135;95mplugin-adapter-kook\u001b[39m\u001b[38;2;135;175;255m@\u001b[39m\u001b[38;2;135;175;255mnpm:4.6.4\u001b[39m, \u001b[38;2;215;95;0m@koishijs/\u001b[39m\u001b[38;2;215;135;95mplugin-adapter-qq\u001b[39m\u001b[38;2;135;175;255m@\u001b[39m\u001b[38;2;135;175;255mnpm:4.7.5\u001b[39m, and \u001b[38;2;255;215;0m18\u001b[39m more.","timestamp":1719972237281}
{"id":26754,"type":"info","level":2,"name":"market","meta":{},"content":"└ Completed in 1s 14ms","timestamp":1719972237319}
{"id":26761,"type":"info","level":2,"name":"market","meta":{},"content":"\u001b[38;2;255;215;0m21\u001b[39m packages were added to the project (\u001b[38;2;255;49;49m+ 16.83 MiB\u001b[39m).","timestamp":1719972244023}
{"id":26762,"type":"info","level":2,"name":"market","meta":{},"content":"└ Completed in 6s 701ms","timestamp":1719972244024}
{"id":26763,"type":"info","level":2,"name":"market","meta":{},"content":"┌ Link step","timestamp":1719972244092}
{"id":26764,"type":"info","level":2,"name":"market","meta":{},"content":"└ Completed in 2s 190ms","timestamp":1719972246282}
