{"id":1,"type":"info","level":2,"name":"app","meta":{},"content":"\u001b[38;5;15;1mKoishi/4.17.9\u001b[0m","timestamp":1720769997662}
{"id":2,"type":"info","level":2,"name":"loader","meta":{"paths":[]},"content":"apply plugin \u001b[38;5;45mgroup:entry\u001b[0m","timestamp":1720769997702}
{"id":3,"type":"info","level":2,"name":"loader","meta":{"paths":[]},"content":"apply plugin \u001b[38;5;45mgroup:server\u001b[0m","timestamp":1720769997704}
{"id":4,"type":"info","level":2,"name":"loader","meta":{"paths":[]},"content":"apply plugin \u001b[38;5;45mserver:s859qi\u001b[0m","timestamp":1720769997704}
{"id":5,"type":"info","level":2,"name":"loader","meta":{"paths":[]},"content":"apply plugin \u001b[38;5;45mgroup:basic\u001b[0m","timestamp":1720770002363}
{"id":6,"type":"info","level":2,"name":"loader","meta":{"paths":[]},"content":"apply plugin \u001b[38;5;45mcommands:if8ao4\u001b[0m","timestamp":1720770002365}
{"id":7,"type":"info","level":2,"name":"loader","meta":{"paths":[]},"content":"apply plugin \u001b[38;5;45mhelp:gn3g1d\u001b[0m","timestamp":1720770002403}
{"id":8,"type":"info","level":2,"name":"loader","meta":{"paths":[]},"content":"apply plugin \u001b[38;5;45mhttp:vmyxhc\u001b[0m","timestamp":1720770002442}
{"id":9,"type":"info","level":2,"name":"loader","meta":{"paths":[]},"content":"apply plugin \u001b[38;5;45mlocales:e4y6bs\u001b[0m","timestamp":1720770002454}
{"id":10,"type":"info","level":2,"name":"loader","meta":{"paths":[]},"content":"apply plugin \u001b[38;5;45mproxy-agent:26mixo\u001b[0m","timestamp":1720770002549}
{"id":11,"type":"info","level":2,"name":"loader","meta":{"paths":[]},"content":"apply plugin \u001b[38;5;45mrate-limit:2h29a4\u001b[0m","timestamp":1720770005924}
{"id":12,"type":"info","level":2,"name":"loader","meta":{"paths":[]},"content":"apply plugin \u001b[38;5;45mpuppeteer:sz5coe\u001b[0m","timestamp":1720770005982}
{"id":13,"type":"info","level":2,"name":"loader","meta":{"paths":[]},"content":"apply plugin \u001b[38;5;45mtelemetry:1mld9j\u001b[0m","timestamp":1720770016331}
{"id":14,"type":"info","level":2,"name":"loader","meta":{"paths":[]},"content":"apply plugin \u001b[38;5;45mgroup:console\u001b[0m","timestamp":1720770016753}
{"id":15,"type":"info","level":2,"name":"loader","meta":{"paths":[]},"content":"apply plugin \u001b[38;5;45mactions:r1oktw\u001b[0m","timestamp":1720770016753}
{"id":16,"type":"info","level":2,"name":"loader","meta":{"paths":[]},"content":"apply plugin \u001b[38;5;45manalytics:rgpz1r\u001b[0m","timestamp":1720770016777}
{"id":17,"type":"info","level":2,"name":"loader","meta":{"paths":[]},"content":"apply plugin \u001b[38;5;45mauth:ile4qk\u001b[0m","timestamp":1720770016811}
{"id":18,"type":"info","level":2,"name":"loader","meta":{"paths":[]},"content":"apply plugin \u001b[38;5;45mconfig:dgac95\u001b[0m","timestamp":1720770016849}
{"id":19,"type":"info","level":2,"name":"loader","meta":{"paths":[]},"content":"apply plugin \u001b[38;5;45mconsole:bus1ch\u001b[0m","timestamp":1720770017677}
{"id":20,"type":"info","level":2,"name":"loader","meta":{"paths":[]},"content":"apply plugin \u001b[38;5;45mdataview:tr2dkr\u001b[0m","timestamp":1720770017896}
{"id":21,"type":"info","level":2,"name":"loader","meta":{"paths":[]},"content":"apply plugin \u001b[38;5;45mdesktop:wxbmwm\u001b[0m","timestamp":1720770017939}
{"id":22,"type":"info","level":2,"name":"loader","meta":{"paths":[]},"content":"apply plugin \u001b[38;5;45mexplorer:psnh5c\u001b[0m","timestamp":1720770018005}
{"id":23,"type":"info","level":2,"name":"loader","meta":{"paths":[]},"content":"apply plugin \u001b[38;5;45mlogger:1xw5tt\u001b[0m","timestamp":1720770018653}
{"id":24,"type":"info","level":2,"name":"loader","meta":{"paths":[]},"content":"apply plugin \u001b[38;5;45minsight:d60pgv\u001b[0m","timestamp":1720770018687}
{"id":25,"type":"info","level":2,"name":"loader","meta":{"paths":[]},"content":"apply plugin \u001b[38;5;45mmarket:isgcrc\u001b[0m","timestamp":1720770018726}
{"id":26,"type":"info","level":2,"name":"loader","meta":{"paths":[]},"content":"apply plugin \u001b[38;5;45mnotifier:pfvlnd\u001b[0m","timestamp":1720770019772}
{"id":27,"type":"info","level":2,"name":"loader","meta":{"paths":[]},"content":"apply plugin \u001b[38;5;45moobe:4f39zf\u001b[0m","timestamp":1720770019806}
{"id":28,"type":"info","level":2,"name":"loader","meta":{"paths":[]},"content":"apply plugin \u001b[38;5;45msandbox:taovro\u001b[0m","timestamp":1720770019832}
{"id":29,"type":"info","level":2,"name":"loader","meta":{"paths":[]},"content":"apply plugin \u001b[38;5;45m@initencounter/jimp:gcsgwl\u001b[0m","timestamp":1720770019868}
{"id":30,"type":"info","level":2,"name":"loader","meta":{"paths":[]},"content":"apply plugin \u001b[38;5;45mcache-database:0da60f\u001b[0m","timestamp":1720770025690}
{"id":31,"type":"info","level":2,"name":"loader","meta":{"paths":[]},"content":"apply plugin \u001b[38;5;45mstatus:edg7wj\u001b[0m","timestamp":1720770025773}
{"id":32,"type":"info","level":2,"name":"loader","meta":{"paths":[]},"content":"apply plugin \u001b[38;5;45mtheme-vanilla:jjwlke\u001b[0m","timestamp":1720770025928}
{"id":33,"type":"info","level":2,"name":"loader","meta":{"paths":[]},"content":"apply plugin \u001b[38;5;45mgroup:storage\u001b[0m","timestamp":1720770025956}
{"id":34,"type":"info","level":2,"name":"loader","meta":{"paths":[]},"content":"apply plugin \u001b[38;5;45mdatabase-sqlite:yiu6it\u001b[0m","timestamp":1720770025957}
{"id":35,"type":"info","level":2,"name":"loader","meta":{"paths":[]},"content":"apply plugin \u001b[38;5;45massets-local:l6ck2i\u001b[0m","timestamp":1720770026151}
{"id":36,"type":"info","level":2,"name":"loader","meta":{"paths":[]},"content":"apply plugin \u001b[38;5;45mgroup:adapter\u001b[0m","timestamp":1720770026233}
{"id":37,"type":"info","level":2,"name":"loader","meta":{"paths":[]},"content":"apply plugin \u001b[38;5;45madapter-qq:rbk1hq\u001b[0m","timestamp":1720770026234}
{"id":38,"type":"info","level":2,"name":"loader","meta":{"paths":[]},"content":"apply plugin \u001b[38;5;45madapter-satori:dd0tb4\u001b[0m","timestamp":1720770026334}
{"id":39,"type":"info","level":2,"name":"loader","meta":{"paths":[]},"content":"apply plugin \u001b[38;5;45mgroup:lnok3u\u001b[0m","timestamp":1720770026426}
{"id":40,"type":"info","level":2,"name":"loader","meta":{"paths":[]},"content":"apply plugin \u001b[38;5;45mjrrp:cpxhww\u001b[0m","timestamp":1720770026427}
{"id":41,"type":"info","level":2,"name":"loader","meta":{"paths":[]},"content":"apply plugin \u001b[38;5;45mba-logo:1jkapn\u001b[0m","timestamp":1720770026456}
{"id":42,"type":"info","level":2,"name":"loader","meta":{"paths":[]},"content":"apply plugin \u001b[38;5;45mhitokoto:3p9pq6\u001b[0m","timestamp":1720770026495}
{"id":43,"type":"info","level":2,"name":"loader","meta":{"paths":[]},"content":"apply plugin \u001b[38;5;45mchange-auth-callme:f4vlua\u001b[0m","timestamp":1720770026551}
{"id":44,"type":"info","level":2,"name":"loader","meta":{"paths":[]},"content":"apply plugin \u001b[38;5;45mdialogue:ar0a4x\u001b[0m","timestamp":1720770026616}
{"id":45,"type":"info","level":2,"name":"loader","meta":{"paths":[]},"content":"apply plugin \u001b[38;5;45mtrpgdice:6pr6fw\u001b[0m","timestamp":1720770026672}
{"id":46,"type":"info","level":2,"name":"loader","meta":{"paths":[]},"content":"apply plugin \u001b[38;5;45mbeauty-huluxia:zvm2m9\u001b[0m","timestamp":1720770026767}
{"id":47,"type":"info","level":2,"name":"loader","meta":{"paths":[]},"content":"apply plugin \u001b[38;5;45mmememaker:02acrl\u001b[0m","timestamp":1720770026803}
{"id":48,"type":"info","level":2,"name":"loader","meta":{"paths":[]},"content":"apply plugin \u001b[38;5;45mminesweeper-ending:5p9edn\u001b[0m","timestamp":1720770026837}
{"id":49,"type":"info","level":2,"name":"loader","meta":{"paths":[]},"content":"apply plugin \u001b[38;5;45mbuckshot-roulette2:lvv64a\u001b[0m","timestamp":1720770027030}
{"id":50,"type":"info","level":2,"name":"loader","meta":{"paths":[]},"content":"apply plugin \u001b[38;5;45mguess-riddle:qysler\u001b[0m","timestamp":1720770027118}
{"id":51,"type":"info","level":2,"name":"loader","meta":{"paths":[]},"content":"apply plugin \u001b[38;5;45miframe:1mh7tt\u001b[0m","timestamp":1720770027154}
{"id":52,"type":"info","level":2,"name":"assets","meta":{"paths":["l6ck2i"]},"content":"missing config \"selfUrl\", fallback to \"file:\" scheme","timestamp":1720770027400}
{"id":58,"type":"info","level":2,"name":"puppeteer","meta":{"paths":["sz5coe"]},"content":"chrome executable found at \u001b[38;5;201mC:\\Program Files (x86)\\Microsoft\\Edge\\Application\\msedge.exe\u001b[0m","timestamp":1720770027645}
{"id":60,"type":"info","level":2,"name":"server","meta":{"paths":["s859qi"]},"content":"server listening at \u001b[38;5;57mhttp://0.0.0.0:5140\u001b[0m","timestamp":1720770027739}
{"id":61,"type":"info","level":2,"name":"console","meta":{"paths":["bus1ch"]},"content":"webui is available at \u001b[38;5;166mhttp://127.0.0.1:5140\u001b[0m","timestamp":1720770027739}
{"id":62,"type":"info","level":2,"name":"adapter","meta":{"paths":["dd0tb4"]},"content":"connect to server: \u001b[38;5;44mws://127.0.0.1:5500/v1/events\u001b[0m","timestamp":1720770027763}
{"id":64,"type":"info","level":2,"name":"auth","meta":{"paths":["ile4qk"]},"content":"creating admin account","timestamp":1720770027870}
{"id":83,"type":"info","level":2,"name":"adapter","meta":{"paths":["rbk1hq"]},"content":"connect to server: \u001b[38;5;44mwss://api.sgroup.qq.com/websocket\u001b[0m","timestamp":1720770028868}
{"id":140,"type":"info","level":2,"name":"loader","meta":{"paths":[]},"content":"apply plugin \u001b[38;5;45m@yunkuangao/recipe:0ehci6\u001b[0m","timestamp":1720770055004}
{"id":141,"type":"error","level":1,"name":"app","meta":{"paths":["0ehci6"]},"content":"Error: 获取json文件失败\n    at C:\\Users\\Administrator\\AppData\\Roaming\\Koishi\\Desktop\\data\\instances\\default\\node_modules\\@yunkuangao\\koishi-plugin-recipe\\lib\\index.js:32:15\n    at process.processTicksAndRejections (node:internal/process/task_queues:95:5)\n    at async Object.apply (C:\\Users\\Administrator\\AppData\\Roaming\\Koishi\\Desktop\\data\\instances\\default\\node_modules\\@yunkuangao\\koishi-plugin-recipe\\lib\\index.js:31:24)","timestamp":1720770055255}
{"id":172,"type":"info","level":2,"name":"loader","meta":{"paths":[]},"content":"unload plugin \u001b[38;5;45m@yunkuangao/recipe:0ehci6\u001b[0m","timestamp":1720770139556}
{"id":174,"type":"info","level":2,"name":"loader","meta":{"paths":[]},"content":"apply plugin \u001b[38;5;45mfei-timetoganfan:e0pamy\u001b[0m","timestamp":1720770161951}
{"id":240,"type":"info","level":2,"name":"loader","meta":{"paths":[]},"content":"unload plugin \u001b[38;5;45mfei-timetoganfan:e0pamy\u001b[0m","timestamp":1720770319950}
{"id":241,"type":"info","level":2,"name":"market","meta":{},"content":"\u001b[1mYarn 4.1.1\u001b[22m","timestamp":1720770336294}
{"id":242,"type":"info","level":2,"name":"market","meta":{},"content":"┌ Resolution step","timestamp":1720770336328}
{"id":243,"type":"info","level":2,"name":"market","meta":{},"content":"\u001b[38;2;95;175;0m+\u001b[39m \u001b[38;2;215;135;95mkoishi-plugin-cooke-mda\u001b[39m\u001b[38;2;135;175;255m@\u001b[39m\u001b[38;2;135;175;255mnpm:0.0.2\u001b[39m","timestamp":1720770336802}
{"id":244,"type":"info","level":2,"name":"market","meta":{},"content":"└ Completed in 0s 497ms","timestamp":1720770336825}
{"id":250,"type":"info","level":2,"name":"market","meta":{},"content":"A package was added to the project (\u001b[38;2;255;49;49m+ 4.99 KiB\u001b[39m).","timestamp":1720770337692}
{"id":252,"type":"info","level":2,"name":"market","meta":{},"content":"┌ Link step","timestamp":1720770337747}
{"id":253,"type":"info","level":2,"name":"market","meta":{},"content":"└ Completed in 0s 377ms","timestamp":1720770338124}
{"id":255,"type":"error","level":1,"name":"market","meta":{},"content":"Error: Cannot find module 'koishi-plugin-cooke-mda'\nRequire stack:\n- C:\\Users\\Administrator\\AppData\\Roaming\\Koishi\\Desktop\\data\\instances\\default\\node_modules\\@koishijs\\plugin-market\\lib\\node\\index.js\n- C:\\Users\\Administrator\\AppData\\Roaming\\Koishi\\Desktop\\data\\instances\\default\\node_modules\\@koishijs\\loader\\lib\\index.js\n- C:\\Users\\Administrator\\AppData\\Roaming\\Koishi\\Desktop\\data\\instances\\default\\node_modules\\koishi\\lib\\worker\\index.js\n    at Module._resolveFilename (node:internal/modules/cjs/loader:1143:15)\n    at Function.resolve (node:internal/modules/helpers:190:19)\n    at Proxy.install (C:\\Users\\Administrator\\AppData\\Roaming\\Koishi\\Desktop\\data\\instances\\default\\node_modules\\@koishijs\\plugin-market\\lib\\node\\index.js:330:23)\n    at process.processTicksAndRejections (node:internal/process/task_queues:95:5)\n    at async ctx2.console.addListener.authority (C:\\Users\\Administrator\\AppData\\Roaming\\Koishi\\Desktop\\data\\instances\\default\\node_modules\\@koishijs\\plugin-market\\lib\\node\\index.js:568:20)\n    at async WebSocket.receive (C:\\Users\\Administrator\\AppData\\Roaming\\Koishi\\Desktop\\data\\instances\\default\\node_modules\\@koishijs\\plugin-console\\node_modules\\@koishijs\\console\\lib\\index.js:127:21)","timestamp":1720770339215}
