{"id":97604,"type":"warn","level":2,"name":"qq","meta":{"paths":["rbk1hq"]},"content":"offline: server request reconnect","timestamp":1721606658949}
{"id":97606,"type":"warn","level":2,"name":"adapter","meta":{"paths":["rbk1hq"]},"content":"Session timed out, will retry in 5s...","timestamp":1721606658973}
{"id":97614,"type":"info","level":2,"name":"adapter","meta":{"paths":["rbk1hq"]},"content":"connect to server: \u001b[38;5;44mwss://api.sgroup.qq.com/websocket\u001b[0m","timestamp":1721606664326}
{"id":97715,"type":"warn","level":2,"name":"qq","meta":{"paths":["rbk1hq"]},"content":"offline: server request reconnect","timestamp":1721608464320}
{"id":97717,"type":"warn","level":2,"name":"adapter","meta":{"paths":["rbk1hq"]},"content":"Session timed out, will retry in 5s...","timestamp":1721608464342}
{"id":97723,"type":"info","level":2,"name":"adapter","meta":{"paths":["rbk1hq"]},"content":"connect to server: \u001b[38;5;44mwss://api.sgroup.qq.com/websocket\u001b[0m","timestamp":1721608469687}
{"id":97808,"type":"warn","level":2,"name":"qq","meta":{"paths":["rbk1hq"]},"content":"offline: server request reconnect","timestamp":1721610269686}
{"id":97810,"type":"warn","level":2,"name":"adapter","meta":{"paths":["rbk1hq"]},"content":"Session timed out, will retry in 5s...","timestamp":1721610269704}
{"id":97816,"type":"info","level":2,"name":"adapter","meta":{"paths":["rbk1hq"]},"content":"connect to server: \u001b[38;5;44mwss://api.sgroup.qq.com/websocket\u001b[0m","timestamp":1721610275075}
{"id":97895,"type":"warn","level":2,"name":"qq","meta":{"paths":["rbk1hq"]},"content":"offline: server request reconnect","timestamp":1721612075077}
{"id":97897,"type":"warn","level":2,"name":"adapter","meta":{"paths":["rbk1hq"]},"content":"Session timed out, will retry in 5s...","timestamp":1721612075098}
{"id":97903,"type":"info","level":2,"name":"adapter","meta":{"paths":["rbk1hq"]},"content":"connect to server: \u001b[38;5;44mwss://api.sgroup.qq.com/websocket\u001b[0m","timestamp":1721612080434}
{"id":98020,"type":"warn","level":2,"name":"qq","meta":{"paths":["rbk1hq"]},"content":"offline: server request reconnect","timestamp":1721613880439}
{"id":98022,"type":"warn","level":2,"name":"adapter","meta":{"paths":["rbk1hq"]},"content":"Session timed out, will retry in 5s...","timestamp":1721613880459}
{"id":98028,"type":"info","level":2,"name":"adapter","meta":{"paths":["rbk1hq"]},"content":"connect to server: \u001b[38;5;44mwss://api.sgroup.qq.com/websocket\u001b[0m","timestamp":1721613885808}
{"id":98158,"type":"warn","level":2,"name":"qq","meta":{"paths":["rbk1hq"]},"content":"offline: server request reconnect","timestamp":1721615685808}
{"id":98160,"type":"warn","level":2,"name":"adapter","meta":{"paths":["rbk1hq"]},"content":"Session timed out, will retry in 5s...","timestamp":1721615685828}
{"id":98166,"type":"info","level":2,"name":"adapter","meta":{"paths":["rbk1hq"]},"content":"connect to server: \u001b[38;5;44mwss://api.sgroup.qq.com/websocket\u001b[0m","timestamp":1721615691184}
{"id":98265,"type":"warn","level":2,"name":"qq","meta":{"paths":["rbk1hq"]},"content":"offline: server request reconnect","timestamp":1721617491185}
{"id":98267,"type":"warn","level":2,"name":"adapter","meta":{"paths":["rbk1hq"]},"content":"Session timed out, will retry in 5s...","timestamp":1721617491206}
{"id":98273,"type":"info","level":2,"name":"adapter","meta":{"paths":["rbk1hq"]},"content":"connect to server: \u001b[38;5;44mwss://api.sgroup.qq.com/websocket\u001b[0m","timestamp":1721617496567}
{"id":98598,"type":"warn","level":2,"name":"qq","meta":{"paths":["rbk1hq"]},"content":"offline: server request reconnect","timestamp":1721619296575}
{"id":98600,"type":"warn","level":2,"name":"adapter","meta":{"paths":["rbk1hq"]},"content":"Session timed out, will retry in 5s...","timestamp":1721619296595}
{"id":98606,"type":"info","level":2,"name":"adapter","meta":{"paths":["rbk1hq"]},"content":"connect to server: \u001b[38;5;44mwss://api.sgroup.qq.com/websocket\u001b[0m","timestamp":1721619301937}
{"id":98837,"type":"warn","level":2,"name":"qq","meta":{"paths":["rbk1hq"]},"content":"offline: server request reconnect","timestamp":1721621101926}
{"id":98839,"type":"warn","level":2,"name":"adapter","meta":{"paths":["rbk1hq"]},"content":"Session timed out, will retry in 5s...","timestamp":1721621101943}
{"id":98845,"type":"info","level":2,"name":"adapter","meta":{"paths":["rbk1hq"]},"content":"connect to server: \u001b[38;5;44mwss://api.sgroup.qq.com/websocket\u001b[0m","timestamp":1721621107306}
{"id":99944,"type":"warn","level":2,"name":"qq","meta":{"paths":["rbk1hq"]},"content":"offline: server request reconnect","timestamp":1721622907313}
{"id":99946,"type":"warn","level":2,"name":"adapter","meta":{"paths":["rbk1hq"]},"content":"Session timed out, will retry in 5s...","timestamp":1721622907335}
{"id":99960,"type":"info","level":2,"name":"adapter","meta":{"paths":["rbk1hq"]},"content":"connect to server: \u001b[38;5;44mwss://api.sgroup.qq.com/websocket\u001b[0m","timestamp":1721622912681}
{"id":100717,"type":"warn","level":2,"name":"qq","meta":{"paths":["rbk1hq"]},"content":"offline: server request reconnect","timestamp":1721624712683}
{"id":100719,"type":"warn","level":2,"name":"adapter","meta":{"paths":["rbk1hq"]},"content":"Session timed out, will retry in 5s...","timestamp":1721624712701}
{"id":100725,"type":"info","level":2,"name":"adapter","meta":{"paths":["rbk1hq"]},"content":"connect to server: \u001b[38;5;44mwss://api.sgroup.qq.com/websocket\u001b[0m","timestamp":1721624718069}
{"id":100872,"type":"warn","level":2,"name":"qq","meta":{"paths":["rbk1hq"]},"content":"offline: server request reconnect","timestamp":1721626518061}
{"id":100874,"type":"warn","level":2,"name":"adapter","meta":{"paths":["rbk1hq"]},"content":"Session timed out, will retry in 5s...","timestamp":1721626518080}
{"id":100880,"type":"info","level":2,"name":"adapter","meta":{"paths":["rbk1hq"]},"content":"connect to server: \u001b[38;5;44mwss://api.sgroup.qq.com/websocket\u001b[0m","timestamp":1721626523412}
{"id":101011,"type":"warn","level":2,"name":"app","meta":{"paths":["cpxhww"]},"content":"Error: property database is not registered, declare it as `inject` to suppress this warning\n    at ReflectService.checkInject (C:\\Users\\Administrator\\AppData\\Roaming\\Koishi\\Desktop\\data\\instances\\default\\node_modules\\@cordisjs\\core\\lib\\index.cjs:276:21)\n    at Object.get (C:\\Users\\Administrator\\AppData\\Roaming\\Koishi\\Desktop\\data\\instances\\default\\node_modules\\@cordisjs\\core\\lib\\index.cjs:294:27)\n    at Command.<anonymous> (C:\\Users\\Administrator\\AppData\\Roaming\\Koishi\\Desktop\\data\\instances\\default\\node_modules\\koishi-plugin-jrrp\\src\\core.js:56:15)\n    at Array.<anonymous> (C:\\Users\\Administrator\\AppData\\Roaming\\Koishi\\Desktop\\data\\instances\\default\\node_modules\\@koishijs\\core\\lib\\index.cjs:1114:27)\n    at argv.next (C:\\Users\\Administrator\\AppData\\Roaming\\Koishi\\Desktop\\data\\instances\\default\\node_modules\\@koishijs\\core\\lib\\index.cjs:1125:30)\n    at Command.execute (C:\\Users\\Administrator\\AppData\\Roaming\\Koishi\\Desktop\\data\\instances\\default\\node_modules\\@koishijs\\core\\lib\\index.cjs:1128:33)\n    at process.processTicksAndRejections (node:internal/process/task_queues:95:5)\n    at async C:\\Users\\Administrator\\AppData\\Roaming\\Koishi\\Desktop\\data\\instances\\default\\node_modules\\@koishijs\\core\\lib\\index.cjs:2162:22\n    at async Proxy.withScope (C:\\Users\\Administrator\\AppData\\Roaming\\Koishi\\Desktop\\data\\instances\\default\\node_modules\\@koishijs\\core\\lib\\index.cjs:2065:22)\n    at async next (C:\\Users\\Administrator\\AppData\\Roaming\\Koishi\\Desktop\\data\\instances\\default\\node_modules\\@koishijs\\core\\lib\\index.cjs:853:16)","timestamp":1721628237761}
{"id":101059,"type":"warn","level":2,"name":"qq","meta":{"paths":["rbk1hq"]},"content":"offline: server request reconnect","timestamp":1721628323422}
{"id":101061,"type":"warn","level":2,"name":"adapter","meta":{"paths":["rbk1hq"]},"content":"Session timed out, will retry in 5s...","timestamp":1721628323440}
{"id":101067,"type":"info","level":2,"name":"adapter","meta":{"paths":["rbk1hq"]},"content":"connect to server: \u001b[38;5;44mwss://api.sgroup.qq.com/websocket\u001b[0m","timestamp":1721628328796}
{"id":101294,"type":"warn","level":2,"name":"qq","meta":{"paths":["rbk1hq"]},"content":"offline: server request reconnect","timestamp":1721630128785}
{"id":101296,"type":"warn","level":2,"name":"adapter","meta":{"paths":["rbk1hq"]},"content":"Session timed out, will retry in 5s...","timestamp":1721630128807}
{"id":101310,"type":"info","level":2,"name":"adapter","meta":{"paths":["rbk1hq"]},"content":"connect to server: \u001b[38;5;44mwss://api.sgroup.qq.com/websocket\u001b[0m","timestamp":1721630134149}
{"id":101538,"type":"warn","level":2,"name":"qq","meta":{"paths":["rbk1hq"]},"content":"offline: server request reconnect","timestamp":1721631934157}
{"id":101540,"type":"warn","level":2,"name":"adapter","meta":{"paths":["rbk1hq"]},"content":"Session timed out, will retry in 5s...","timestamp":1721631934175}
{"id":101546,"type":"info","level":2,"name":"adapter","meta":{"paths":["rbk1hq"]},"content":"connect to server: \u001b[38;5;44mwss://api.sgroup.qq.com/websocket\u001b[0m","timestamp":1721631939577}
{"id":101976,"type":"warn","level":2,"name":"qq","meta":{"paths":["rbk1hq"]},"content":"offline: server request reconnect","timestamp":1721633739566}
{"id":101978,"type":"warn","level":2,"name":"adapter","meta":{"paths":["rbk1hq"]},"content":"Session timed out, will retry in 5s...","timestamp":1721633739587}
{"id":101984,"type":"info","level":2,"name":"adapter","meta":{"paths":["rbk1hq"]},"content":"connect to server: \u001b[38;5;44mwss://api.sgroup.qq.com/websocket\u001b[0m","timestamp":1721633744950}
{"id":102262,"type":"warn","level":2,"name":"qq","meta":{"paths":["rbk1hq"]},"content":"offline: server request reconnect","timestamp":1721635544955}
{"id":102264,"type":"warn","level":2,"name":"adapter","meta":{"paths":["rbk1hq"]},"content":"Session timed out, will retry in 5s...","timestamp":1721635544977}
{"id":102272,"type":"info","level":2,"name":"adapter","meta":{"paths":["rbk1hq"]},"content":"connect to server: \u001b[38;5;44mwss://api.sgroup.qq.com/websocket\u001b[0m","timestamp":1721635550348}
{"id":102710,"type":"warn","level":2,"name":"qq","meta":{"paths":["rbk1hq"]},"content":"offline: server request reconnect","timestamp":1721637350356}
{"id":102712,"type":"warn","level":2,"name":"adapter","meta":{"paths":["rbk1hq"]},"content":"Session timed out, will retry in 5s...","timestamp":1721637350377}
{"id":102718,"type":"info","level":2,"name":"adapter","meta":{"paths":["rbk1hq"]},"content":"connect to server: \u001b[38;5;44mwss://api.sgroup.qq.com/websocket\u001b[0m","timestamp":1721637355725}
{"id":103120,"type":"warn","level":2,"name":"qq","meta":{"paths":["rbk1hq"]},"content":"offline: server request reconnect","timestamp":1721639155714}
{"id":103122,"type":"warn","level":2,"name":"adapter","meta":{"paths":["rbk1hq"]},"content":"Session timed out, will retry in 5s...","timestamp":1721639155731}
{"id":103128,"type":"info","level":2,"name":"adapter","meta":{"paths":["rbk1hq"]},"content":"connect to server: \u001b[38;5;44mwss://api.sgroup.qq.com/websocket\u001b[0m","timestamp":1721639161081}
{"id":103446,"type":"warn","level":2,"name":"qq","meta":{"paths":["rbk1hq"]},"content":"offline: server request reconnect","timestamp":1721640961083}
{"id":103448,"type":"warn","level":2,"name":"adapter","meta":{"paths":["rbk1hq"]},"content":"Session timed out, will retry in 5s...","timestamp":1721640961099}
{"id":103454,"type":"info","level":2,"name":"adapter","meta":{"paths":["rbk1hq"]},"content":"connect to server: \u001b[38;5;44mwss://api.sgroup.qq.com/websocket\u001b[0m","timestamp":1721640966478}
{"id":103987,"type":"warn","level":2,"name":"qq","meta":{"paths":["rbk1hq"]},"content":"offline: server request reconnect","timestamp":1721642766492}
{"id":103989,"type":"warn","level":2,"name":"adapter","meta":{"paths":["rbk1hq"]},"content":"Session timed out, will retry in 5s...","timestamp":1721642766515}
{"id":103995,"type":"info","level":2,"name":"adapter","meta":{"paths":["rbk1hq"]},"content":"connect to server: \u001b[38;5;44mwss://api.sgroup.qq.com/websocket\u001b[0m","timestamp":1721642771885}
{"id":105029,"type":"warn","level":2,"name":"qq","meta":{"paths":["rbk1hq"]},"content":"offline: server request reconnect","timestamp":1721644571875}
{"id":105031,"type":"warn","level":2,"name":"adapter","meta":{"paths":["rbk1hq"]},"content":"Session timed out, will retry in 5s...","timestamp":1721644571896}
{"id":105037,"type":"info","level":2,"name":"adapter","meta":{"paths":["rbk1hq"]},"content":"connect to server: \u001b[38;5;44mwss://api.sgroup.qq.com/websocket\u001b[0m","timestamp":1721644577235}
{"id":105444,"type":"warn","level":2,"name":"qq","meta":{"paths":["rbk1hq"]},"content":"offline: server request reconnect","timestamp":1721646377235}
{"id":105446,"type":"warn","level":2,"name":"adapter","meta":{"paths":["rbk1hq"]},"content":"Session timed out, will retry in 5s...","timestamp":1721646377254}
{"id":105454,"type":"info","level":2,"name":"adapter","meta":{"paths":["rbk1hq"]},"content":"connect to server: \u001b[38;5;44mwss://api.sgroup.qq.com/websocket\u001b[0m","timestamp":1721646382622}
{"id":105851,"type":"warn","level":2,"name":"qq","meta":{"paths":["rbk1hq"]},"content":"offline: server request reconnect","timestamp":1721648182618}
{"id":105853,"type":"warn","level":2,"name":"adapter","meta":{"paths":["rbk1hq"]},"content":"Session timed out, will retry in 5s...","timestamp":1721648182640}
{"id":105859,"type":"info","level":2,"name":"adapter","meta":{"paths":["rbk1hq"]},"content":"connect to server: \u001b[38;5;44mwss://api.sgroup.qq.com/websocket\u001b[0m","timestamp":1721648188017}
{"id":106279,"type":"warn","level":2,"name":"qq","meta":{"paths":["rbk1hq"]},"content":"offline: server request reconnect","timestamp":1721649988018}
{"id":106281,"type":"warn","level":2,"name":"adapter","meta":{"paths":["rbk1hq"]},"content":"Session timed out, will retry in 5s...","timestamp":1721649988041}
{"id":106287,"type":"info","level":2,"name":"adapter","meta":{"paths":["rbk1hq"]},"content":"connect to server: \u001b[38;5;44mwss://api.sgroup.qq.com/websocket\u001b[0m","timestamp":1721649993416}
{"id":106769,"type":"warn","level":2,"name":"qq","meta":{"paths":["rbk1hq"]},"content":"offline: server request reconnect","timestamp":1721651793410}
{"id":106771,"type":"warn","level":2,"name":"adapter","meta":{"paths":["rbk1hq"]},"content":"Session timed out, will retry in 5s...","timestamp":1721651793431}
{"id":106779,"type":"info","level":2,"name":"adapter","meta":{"paths":["rbk1hq"]},"content":"connect to server: \u001b[38;5;44mwss://api.sgroup.qq.com/websocket\u001b[0m","timestamp":1721651798802}
{"id":107309,"type":"warn","level":2,"name":"qq","meta":{"paths":["rbk1hq"]},"content":"offline: server request reconnect","timestamp":1721653598804}
{"id":107311,"type":"warn","level":2,"name":"adapter","meta":{"paths":["rbk1hq"]},"content":"Session timed out, will retry in 5s...","timestamp":1721653598826}
{"id":107317,"type":"info","level":2,"name":"adapter","meta":{"paths":["rbk1hq"]},"content":"connect to server: \u001b[38;5;44mwss://api.sgroup.qq.com/websocket\u001b[0m","timestamp":1721653604191}
{"id":107715,"type":"warn","level":2,"name":"qq","meta":{"paths":["rbk1hq"]},"content":"offline: server request reconnect","timestamp":1721655404195}
{"id":107717,"type":"warn","level":2,"name":"adapter","meta":{"paths":["rbk1hq"]},"content":"Session timed out, will retry in 5s...","timestamp":1721655404216}
{"id":107723,"type":"info","level":2,"name":"adapter","meta":{"paths":["rbk1hq"]},"content":"connect to server: \u001b[38;5;44mwss://api.sgroup.qq.com/websocket\u001b[0m","timestamp":1721655409574}
{"id":108937,"type":"warn","level":2,"name":"qq","meta":{"paths":["rbk1hq"]},"content":"offline: server request reconnect","timestamp":1721657209572}
{"id":108939,"type":"warn","level":2,"name":"adapter","meta":{"paths":["rbk1hq"]},"content":"Session timed out, will retry in 5s...","timestamp":1721657209589}
{"id":108953,"type":"info","level":2,"name":"adapter","meta":{"paths":["rbk1hq"]},"content":"connect to server: \u001b[38;5;44mwss://api.sgroup.qq.com/websocket\u001b[0m","timestamp":1721657214953}
{"id":109745,"type":"warn","level":2,"name":"qq","meta":{"paths":["rbk1hq"]},"content":"offline: server request reconnect","timestamp":1721659014960}
{"id":109747,"type":"warn","level":2,"name":"adapter","meta":{"paths":["rbk1hq"]},"content":"Session timed out, will retry in 5s...","timestamp":1721659014981}
{"id":109753,"type":"info","level":2,"name":"adapter","meta":{"paths":["rbk1hq"]},"content":"connect to server: \u001b[38;5;44mwss://api.sgroup.qq.com/websocket\u001b[0m","timestamp":1721659020331}
{"id":110205,"type":"warn","level":2,"name":"qq","meta":{"paths":["rbk1hq"]},"content":"offline: server request reconnect","timestamp":1721660820325}
{"id":110207,"type":"warn","level":2,"name":"adapter","meta":{"paths":["rbk1hq"]},"content":"Session timed out, will retry in 5s...","timestamp":1721660820343}
{"id":110213,"type":"info","level":2,"name":"adapter","meta":{"paths":["rbk1hq"]},"content":"connect to server: \u001b[38;5;44mwss://api.sgroup.qq.com/websocket\u001b[0m","timestamp":1721660825714}
{"id":110412,"type":"warn","level":2,"name":"qq","meta":{"paths":["rbk1hq"]},"content":"offline: server request reconnect","timestamp":1721662625716}
{"id":110414,"type":"warn","level":2,"name":"adapter","meta":{"paths":["rbk1hq"]},"content":"Session timed out, will retry in 5s...","timestamp":1721662625737}
{"id":110420,"type":"info","level":2,"name":"adapter","meta":{"paths":["rbk1hq"]},"content":"connect to server: \u001b[38;5;44mwss://api.sgroup.qq.com/websocket\u001b[0m","timestamp":1721662631085}
{"id":110859,"type":"warn","level":2,"name":"qq","meta":{"paths":["rbk1hq"]},"content":"offline: server request reconnect","timestamp":1721664431089}
{"id":110861,"type":"warn","level":2,"name":"adapter","meta":{"paths":["rbk1hq"]},"content":"Session timed out, will retry in 5s...","timestamp":1721664431109}
{"id":110869,"type":"info","level":2,"name":"adapter","meta":{"paths":["rbk1hq"]},"content":"connect to server: \u001b[38;5;44mwss://api.sgroup.qq.com/websocket\u001b[0m","timestamp":1721664436511}
{"id":111592,"type":"warn","level":2,"name":"qq","meta":{"paths":["rbk1hq"]},"content":"offline: server request reconnect","timestamp":1721666236505}
{"id":111594,"type":"warn","level":2,"name":"adapter","meta":{"paths":["rbk1hq"]},"content":"Session timed out, will retry in 5s...","timestamp":1721666236526}
{"id":111608,"type":"info","level":2,"name":"adapter","meta":{"paths":["rbk1hq"]},"content":"connect to server: \u001b[38;5;44mwss://api.sgroup.qq.com/websocket\u001b[0m","timestamp":1721666241859}
{"id":111790,"type":"warn","level":2,"name":"app","meta":{"paths":["cpxhww"]},"content":"Error: property database is not registered, declare it as `inject` to suppress this warning\n    at ReflectService.checkInject (C:\\Users\\Administrator\\AppData\\Roaming\\Koishi\\Desktop\\data\\instances\\default\\node_modules\\@cordisjs\\core\\lib\\index.cjs:276:21)\n    at Object.get (C:\\Users\\Administrator\\AppData\\Roaming\\Koishi\\Desktop\\data\\instances\\default\\node_modules\\@cordisjs\\core\\lib\\index.cjs:294:27)\n    at Command.<anonymous> (C:\\Users\\Administrator\\AppData\\Roaming\\Koishi\\Desktop\\data\\instances\\default\\node_modules\\koishi-plugin-jrrp\\src\\core.js:56:15)\n    at Array.<anonymous> (C:\\Users\\Administrator\\AppData\\Roaming\\Koishi\\Desktop\\data\\instances\\default\\node_modules\\@koishijs\\core\\lib\\index.cjs:1114:27)\n    at argv.next (C:\\Users\\Administrator\\AppData\\Roaming\\Koishi\\Desktop\\data\\instances\\default\\node_modules\\@koishijs\\core\\lib\\index.cjs:1125:30)\n    at Command.execute (C:\\Users\\Administrator\\AppData\\Roaming\\Koishi\\Desktop\\data\\instances\\default\\node_modules\\@koishijs\\core\\lib\\index.cjs:1128:33)\n    at process.processTicksAndRejections (node:internal/process/task_queues:95:5)\n    at async C:\\Users\\Administrator\\AppData\\Roaming\\Koishi\\Desktop\\data\\instances\\default\\node_modules\\@koishijs\\core\\lib\\index.cjs:2162:22\n    at async Proxy.withScope (C:\\Users\\Administrator\\AppData\\Roaming\\Koishi\\Desktop\\data\\instances\\default\\node_modules\\@koishijs\\core\\lib\\index.cjs:2065:22)\n    at async next (C:\\Users\\Administrator\\AppData\\Roaming\\Koishi\\Desktop\\data\\instances\\default\\node_modules\\@koishijs\\core\\lib\\index.cjs:853:16)","timestamp":1721666992763}
{"id":111856,"type":"warn","level":2,"name":"app","meta":{"paths":["cpxhww"]},"content":"Error: property database is not registered, declare it as `inject` to suppress this warning\n    at ReflectService.checkInject (C:\\Users\\Administrator\\AppData\\Roaming\\Koishi\\Desktop\\data\\instances\\default\\node_modules\\@cordisjs\\core\\lib\\index.cjs:276:21)\n    at Object.get (C:\\Users\\Administrator\\AppData\\Roaming\\Koishi\\Desktop\\data\\instances\\default\\node_modules\\@cordisjs\\core\\lib\\index.cjs:294:27)\n    at Command.<anonymous> (C:\\Users\\Administrator\\AppData\\Roaming\\Koishi\\Desktop\\data\\instances\\default\\node_modules\\koishi-plugin-jrrp\\src\\core.js:56:15)\n    at Array.<anonymous> (C:\\Users\\Administrator\\AppData\\Roaming\\Koishi\\Desktop\\data\\instances\\default\\node_modules\\@koishijs\\core\\lib\\index.cjs:1114:27)\n    at argv.next (C:\\Users\\Administrator\\AppData\\Roaming\\Koishi\\Desktop\\data\\instances\\default\\node_modules\\@koishijs\\core\\lib\\index.cjs:1125:30)\n    at Command.execute (C:\\Users\\Administrator\\AppData\\Roaming\\Koishi\\Desktop\\data\\instances\\default\\node_modules\\@koishijs\\core\\lib\\index.cjs:1128:33)\n    at process.processTicksAndRejections (node:internal/process/task_queues:95:5)\n    at async C:\\Users\\Administrator\\AppData\\Roaming\\Koishi\\Desktop\\data\\instances\\default\\node_modules\\@koishijs\\core\\lib\\index.cjs:2162:22\n    at async Proxy.withScope (C:\\Users\\Administrator\\AppData\\Roaming\\Koishi\\Desktop\\data\\instances\\default\\node_modules\\@koishijs\\core\\lib\\index.cjs:2065:22)\n    at async next (C:\\Users\\Administrator\\AppData\\Roaming\\Koishi\\Desktop\\data\\instances\\default\\node_modules\\@koishijs\\core\\lib\\index.cjs:853:16)","timestamp":1721667037065}
{"id":111903,"type":"warn","level":2,"name":"app","meta":{"paths":["cpxhww"]},"content":"Error: property database is not registered, declare it as `inject` to suppress this warning\n    at ReflectService.checkInject (C:\\Users\\Administrator\\AppData\\Roaming\\Koishi\\Desktop\\data\\instances\\default\\node_modules\\@cordisjs\\core\\lib\\index.cjs:276:21)\n    at Object.get (C:\\Users\\Administrator\\AppData\\Roaming\\Koishi\\Desktop\\data\\instances\\default\\node_modules\\@cordisjs\\core\\lib\\index.cjs:294:27)\n    at Command.<anonymous> (C:\\Users\\Administrator\\AppData\\Roaming\\Koishi\\Desktop\\data\\instances\\default\\node_modules\\koishi-plugin-jrrp\\src\\core.js:56:15)\n    at Array.<anonymous> (C:\\Users\\Administrator\\AppData\\Roaming\\Koishi\\Desktop\\data\\instances\\default\\node_modules\\@koishijs\\core\\lib\\index.cjs:1114:27)\n    at argv.next (C:\\Users\\Administrator\\AppData\\Roaming\\Koishi\\Desktop\\data\\instances\\default\\node_modules\\@koishijs\\core\\lib\\index.cjs:1125:30)\n    at Command.execute (C:\\Users\\Administrator\\AppData\\Roaming\\Koishi\\Desktop\\data\\instances\\default\\node_modules\\@koishijs\\core\\lib\\index.cjs:1128:33)\n    at process.processTicksAndRejections (node:internal/process/task_queues:95:5)\n    at async C:\\Users\\Administrator\\AppData\\Roaming\\Koishi\\Desktop\\data\\instances\\default\\node_modules\\@koishijs\\core\\lib\\index.cjs:2162:22\n    at async Proxy.withScope (C:\\Users\\Administrator\\AppData\\Roaming\\Koishi\\Desktop\\data\\instances\\default\\node_modules\\@koishijs\\core\\lib\\index.cjs:2065:22)\n    at async next (C:\\Users\\Administrator\\AppData\\Roaming\\Koishi\\Desktop\\data\\instances\\default\\node_modules\\@koishijs\\core\\lib\\index.cjs:853:16)","timestamp":1721667055697}
{"id":111931,"type":"warn","level":2,"name":"app","meta":{"paths":["cpxhww"]},"content":"Error: property database is not registered, declare it as `inject` to suppress this warning\n    at ReflectService.checkInject (C:\\Users\\Administrator\\AppData\\Roaming\\Koishi\\Desktop\\data\\instances\\default\\node_modules\\@cordisjs\\core\\lib\\index.cjs:276:21)\n    at Object.get (C:\\Users\\Administrator\\AppData\\Roaming\\Koishi\\Desktop\\data\\instances\\default\\node_modules\\@cordisjs\\core\\lib\\index.cjs:294:27)\n    at Command.<anonymous> (C:\\Users\\Administrator\\AppData\\Roaming\\Koishi\\Desktop\\data\\instances\\default\\node_modules\\koishi-plugin-jrrp\\src\\core.js:56:15)\n    at Array.<anonymous> (C:\\Users\\Administrator\\AppData\\Roaming\\Koishi\\Desktop\\data\\instances\\default\\node_modules\\@koishijs\\core\\lib\\index.cjs:1114:27)\n    at argv.next (C:\\Users\\Administrator\\AppData\\Roaming\\Koishi\\Desktop\\data\\instances\\default\\node_modules\\@koishijs\\core\\lib\\index.cjs:1125:30)\n    at Command.execute (C:\\Users\\Administrator\\AppData\\Roaming\\Koishi\\Desktop\\data\\instances\\default\\node_modules\\@koishijs\\core\\lib\\index.cjs:1128:33)\n    at process.processTicksAndRejections (node:internal/process/task_queues:95:5)\n    at async C:\\Users\\Administrator\\AppData\\Roaming\\Koishi\\Desktop\\data\\instances\\default\\node_modules\\@koishijs\\core\\lib\\index.cjs:2162:22\n    at async Proxy.withScope (C:\\Users\\Administrator\\AppData\\Roaming\\Koishi\\Desktop\\data\\instances\\default\\node_modules\\@koishijs\\core\\lib\\index.cjs:2065:22)\n    at async next (C:\\Users\\Administrator\\AppData\\Roaming\\Koishi\\Desktop\\data\\instances\\default\\node_modules\\@koishijs\\core\\lib\\index.cjs:853:16)","timestamp":1721667056726}
{"id":112043,"type":"warn","level":2,"name":"app","meta":{"paths":["cpxhww"]},"content":"Error: property database is not registered, declare it as `inject` to suppress this warning\n    at ReflectService.checkInject (C:\\Users\\Administrator\\AppData\\Roaming\\Koishi\\Desktop\\data\\instances\\default\\node_modules\\@cordisjs\\core\\lib\\index.cjs:276:21)\n    at Object.get (C:\\Users\\Administrator\\AppData\\Roaming\\Koishi\\Desktop\\data\\instances\\default\\node_modules\\@cordisjs\\core\\lib\\index.cjs:294:27)\n    at Command.<anonymous> (C:\\Users\\Administrator\\AppData\\Roaming\\Koishi\\Desktop\\data\\instances\\default\\node_modules\\koishi-plugin-jrrp\\src\\core.js:56:15)\n    at Array.<anonymous> (C:\\Users\\Administrator\\AppData\\Roaming\\Koishi\\Desktop\\data\\instances\\default\\node_modules\\@koishijs\\core\\lib\\index.cjs:1114:27)\n    at argv.next (C:\\Users\\Administrator\\AppData\\Roaming\\Koishi\\Desktop\\data\\instances\\default\\node_modules\\@koishijs\\core\\lib\\index.cjs:1125:30)\n    at Command.execute (C:\\Users\\Administrator\\AppData\\Roaming\\Koishi\\Desktop\\data\\instances\\default\\node_modules\\@koishijs\\core\\lib\\index.cjs:1128:33)\n    at process.processTicksAndRejections (node:internal/process/task_queues:95:5)\n    at async C:\\Users\\Administrator\\AppData\\Roaming\\Koishi\\Desktop\\data\\instances\\default\\node_modules\\@koishijs\\core\\lib\\index.cjs:2162:22\n    at async Proxy.withScope (C:\\Users\\Administrator\\AppData\\Roaming\\Koishi\\Desktop\\data\\instances\\default\\node_modules\\@koishijs\\core\\lib\\index.cjs:2065:22)\n    at async next (C:\\Users\\Administrator\\AppData\\Roaming\\Koishi\\Desktop\\data\\instances\\default\\node_modules\\@koishijs\\core\\lib\\index.cjs:853:16)","timestamp":1721667132379}
{"id":112060,"type":"warn","level":2,"name":"app","meta":{"paths":["cpxhww"]},"content":"Error: property database is not registered, declare it as `inject` to suppress this warning\n    at ReflectService.checkInject (C:\\Users\\Administrator\\AppData\\Roaming\\Koishi\\Desktop\\data\\instances\\default\\node_modules\\@cordisjs\\core\\lib\\index.cjs:276:21)\n    at Object.get (C:\\Users\\Administrator\\AppData\\Roaming\\Koishi\\Desktop\\data\\instances\\default\\node_modules\\@cordisjs\\core\\lib\\index.cjs:294:27)\n    at Command.<anonymous> (C:\\Users\\Administrator\\AppData\\Roaming\\Koishi\\Desktop\\data\\instances\\default\\node_modules\\koishi-plugin-jrrp\\src\\core.js:56:15)\n    at Array.<anonymous> (C:\\Users\\Administrator\\AppData\\Roaming\\Koishi\\Desktop\\data\\instances\\default\\node_modules\\@koishijs\\core\\lib\\index.cjs:1114:27)\n    at argv.next (C:\\Users\\Administrator\\AppData\\Roaming\\Koishi\\Desktop\\data\\instances\\default\\node_modules\\@koishijs\\core\\lib\\index.cjs:1125:30)\n    at Command.execute (C:\\Users\\Administrator\\AppData\\Roaming\\Koishi\\Desktop\\data\\instances\\default\\node_modules\\@koishijs\\core\\lib\\index.cjs:1128:33)\n    at process.processTicksAndRejections (node:internal/process/task_queues:95:5)\n    at async C:\\Users\\Administrator\\AppData\\Roaming\\Koishi\\Desktop\\data\\instances\\default\\node_modules\\@koishijs\\core\\lib\\index.cjs:2162:22\n    at async Proxy.withScope (C:\\Users\\Administrator\\AppData\\Roaming\\Koishi\\Desktop\\data\\instances\\default\\node_modules\\@koishijs\\core\\lib\\index.cjs:2065:22)\n    at async next (C:\\Users\\Administrator\\AppData\\Roaming\\Koishi\\Desktop\\data\\instances\\default\\node_modules\\@koishijs\\core\\lib\\index.cjs:853:16)","timestamp":1721667166270}
{"id":112072,"type":"warn","level":2,"name":"app","meta":{"paths":["cpxhww"]},"content":"Error: property database is not registered, declare it as `inject` to suppress this warning\n    at ReflectService.checkInject (C:\\Users\\Administrator\\AppData\\Roaming\\Koishi\\Desktop\\data\\instances\\default\\node_modules\\@cordisjs\\core\\lib\\index.cjs:276:21)\n    at Object.get (C:\\Users\\Administrator\\AppData\\Roaming\\Koishi\\Desktop\\data\\instances\\default\\node_modules\\@cordisjs\\core\\lib\\index.cjs:294:27)\n    at Command.<anonymous> (C:\\Users\\Administrator\\AppData\\Roaming\\Koishi\\Desktop\\data\\instances\\default\\node_modules\\koishi-plugin-jrrp\\src\\core.js:56:15)\n    at Array.<anonymous> (C:\\Users\\Administrator\\AppData\\Roaming\\Koishi\\Desktop\\data\\instances\\default\\node_modules\\@koishijs\\core\\lib\\index.cjs:1114:27)\n    at argv.next (C:\\Users\\Administrator\\AppData\\Roaming\\Koishi\\Desktop\\data\\instances\\default\\node_modules\\@koishijs\\core\\lib\\index.cjs:1125:30)\n    at Command.execute (C:\\Users\\Administrator\\AppData\\Roaming\\Koishi\\Desktop\\data\\instances\\default\\node_modules\\@koishijs\\core\\lib\\index.cjs:1128:33)\n    at process.processTicksAndRejections (node:internal/process/task_queues:95:5)\n    at async C:\\Users\\Administrator\\AppData\\Roaming\\Koishi\\Desktop\\data\\instances\\default\\node_modules\\@koishijs\\core\\lib\\index.cjs:2162:22\n    at async Proxy.withScope (C:\\Users\\Administrator\\AppData\\Roaming\\Koishi\\Desktop\\data\\instances\\default\\node_modules\\@koishijs\\core\\lib\\index.cjs:2065:22)\n    at async next (C:\\Users\\Administrator\\AppData\\Roaming\\Koishi\\Desktop\\data\\instances\\default\\node_modules\\@koishijs\\core\\lib\\index.cjs:853:16)","timestamp":1721667196530}
{"id":112091,"type":"warn","level":2,"name":"app","meta":{"paths":["cpxhww"]},"content":"Error: property database is not registered, declare it as `inject` to suppress this warning\n    at ReflectService.checkInject (C:\\Users\\Administrator\\AppData\\Roaming\\Koishi\\Desktop\\data\\instances\\default\\node_modules\\@cordisjs\\core\\lib\\index.cjs:276:21)\n    at Object.get (C:\\Users\\Administrator\\AppData\\Roaming\\Koishi\\Desktop\\data\\instances\\default\\node_modules\\@cordisjs\\core\\lib\\index.cjs:294:27)\n    at Command.<anonymous> (C:\\Users\\Administrator\\AppData\\Roaming\\Koishi\\Desktop\\data\\instances\\default\\node_modules\\koishi-plugin-jrrp\\src\\core.js:56:15)\n    at Array.<anonymous> (C:\\Users\\Administrator\\AppData\\Roaming\\Koishi\\Desktop\\data\\instances\\default\\node_modules\\@koishijs\\core\\lib\\index.cjs:1114:27)\n    at argv.next (C:\\Users\\Administrator\\AppData\\Roaming\\Koishi\\Desktop\\data\\instances\\default\\node_modules\\@koishijs\\core\\lib\\index.cjs:1125:30)\n    at Command.execute (C:\\Users\\Administrator\\AppData\\Roaming\\Koishi\\Desktop\\data\\instances\\default\\node_modules\\@koishijs\\core\\lib\\index.cjs:1128:33)\n    at process.processTicksAndRejections (node:internal/process/task_queues:95:5)\n    at async C:\\Users\\Administrator\\AppData\\Roaming\\Koishi\\Desktop\\data\\instances\\default\\node_modules\\@koishijs\\core\\lib\\index.cjs:2162:22\n    at async Proxy.withScope (C:\\Users\\Administrator\\AppData\\Roaming\\Koishi\\Desktop\\data\\instances\\default\\node_modules\\@koishijs\\core\\lib\\index.cjs:2065:22)\n    at async next (C:\\Users\\Administrator\\AppData\\Roaming\\Koishi\\Desktop\\data\\instances\\default\\node_modules\\@koishijs\\core\\lib\\index.cjs:853:16)","timestamp":1721667205095}
{"id":112185,"type":"warn","level":2,"name":"app","meta":{"paths":["cpxhww"]},"content":"Error: property database is not registered, declare it as `inject` to suppress this warning\n    at ReflectService.checkInject (C:\\Users\\Administrator\\AppData\\Roaming\\Koishi\\Desktop\\data\\instances\\default\\node_modules\\@cordisjs\\core\\lib\\index.cjs:276:21)\n    at Object.get (C:\\Users\\Administrator\\AppData\\Roaming\\Koishi\\Desktop\\data\\instances\\default\\node_modules\\@cordisjs\\core\\lib\\index.cjs:294:27)\n    at Command.<anonymous> (C:\\Users\\Administrator\\AppData\\Roaming\\Koishi\\Desktop\\data\\instances\\default\\node_modules\\koishi-plugin-jrrp\\src\\core.js:56:15)\n    at Array.<anonymous> (C:\\Users\\Administrator\\AppData\\Roaming\\Koishi\\Desktop\\data\\instances\\default\\node_modules\\@koishijs\\core\\lib\\index.cjs:1114:27)\n    at argv.next (C:\\Users\\Administrator\\AppData\\Roaming\\Koishi\\Desktop\\data\\instances\\default\\node_modules\\@koishijs\\core\\lib\\index.cjs:1125:30)\n    at Command.execute (C:\\Users\\Administrator\\AppData\\Roaming\\Koishi\\Desktop\\data\\instances\\default\\node_modules\\@koishijs\\core\\lib\\index.cjs:1128:33)\n    at process.processTicksAndRejections (node:internal/process/task_queues:95:5)\n    at async C:\\Users\\Administrator\\AppData\\Roaming\\Koishi\\Desktop\\data\\instances\\default\\node_modules\\@koishijs\\core\\lib\\index.cjs:2162:22\n    at async Proxy.withScope (C:\\Users\\Administrator\\AppData\\Roaming\\Koishi\\Desktop\\data\\instances\\default\\node_modules\\@koishijs\\core\\lib\\index.cjs:2065:22)\n    at async next (C:\\Users\\Administrator\\AppData\\Roaming\\Koishi\\Desktop\\data\\instances\\default\\node_modules\\@koishijs\\core\\lib\\index.cjs:853:16)","timestamp":1721667349937}
{"id":112368,"type":"warn","level":2,"name":"qq","meta":{"paths":["rbk1hq"]},"content":"offline: server request reconnect","timestamp":1721668041866}
{"id":112370,"type":"warn","level":2,"name":"adapter","meta":{"paths":["rbk1hq"]},"content":"Session timed out, will retry in 5s...","timestamp":1721668041887}
{"id":112377,"type":"info","level":2,"name":"adapter","meta":{"paths":["rbk1hq"]},"content":"connect to server: \u001b[38;5;44mwss://api.sgroup.qq.com/websocket\u001b[0m","timestamp":1721668047264}
{"id":112640,"type":"warn","level":2,"name":"qq","meta":{"paths":["rbk1hq"]},"content":"offline: server request reconnect","timestamp":1721669847261}
{"id":112642,"type":"warn","level":2,"name":"adapter","meta":{"paths":["rbk1hq"]},"content":"Session timed out, will retry in 5s...","timestamp":1721669847286}
{"id":112650,"type":"info","level":2,"name":"adapter","meta":{"paths":["rbk1hq"]},"content":"connect to server: \u001b[38;5;44mwss://api.sgroup.qq.com/websocket\u001b[0m","timestamp":1721669852669}
{"id":113096,"type":"warn","level":2,"name":"qq","meta":{"paths":["rbk1hq"]},"content":"offline: server request reconnect","timestamp":1721671652665}
{"id":113098,"type":"warn","level":2,"name":"adapter","meta":{"paths":["rbk1hq"]},"content":"Session timed out, will retry in 5s...","timestamp":1721671652687}
{"id":113104,"type":"info","level":2,"name":"adapter","meta":{"paths":["rbk1hq"]},"content":"connect to server: \u001b[38;5;44mwss://api.sgroup.qq.com/websocket\u001b[0m","timestamp":1721671658084}
{"id":113161,"type":"warn","level":2,"name":"qq","meta":{"paths":["rbk1hq"]},"content":"offline: server request reconnect","timestamp":1721673458083}
{"id":113163,"type":"warn","level":2,"name":"adapter","meta":{"paths":["rbk1hq"]},"content":"Session timed out, will retry in 5s...","timestamp":1721673458106}
{"id":113169,"type":"info","level":2,"name":"adapter","meta":{"paths":["rbk1hq"]},"content":"connect to server: \u001b[38;5;44mwss://api.sgroup.qq.com/websocket\u001b[0m","timestamp":1721673463456}
{"id":113226,"type":"warn","level":2,"name":"qq","meta":{"paths":["rbk1hq"]},"content":"offline: server request reconnect","timestamp":1721675263456}
{"id":113228,"type":"warn","level":2,"name":"adapter","meta":{"paths":["rbk1hq"]},"content":"Session timed out, will retry in 5s...","timestamp":1721675263474}
{"id":113234,"type":"info","level":2,"name":"adapter","meta":{"paths":["rbk1hq"]},"content":"connect to server: \u001b[38;5;44mwss://api.sgroup.qq.com/websocket\u001b[0m","timestamp":1721675268836}
{"id":113311,"type":"warn","level":2,"name":"qq","meta":{"paths":["rbk1hq"]},"content":"offline: server request reconnect","timestamp":1721677068839}
{"id":113313,"type":"warn","level":2,"name":"adapter","meta":{"paths":["rbk1hq"]},"content":"Session timed out, will retry in 5s...","timestamp":1721677068857}
{"id":113319,"type":"info","level":2,"name":"adapter","meta":{"paths":["rbk1hq"]},"content":"connect to server: \u001b[38;5;44mwss://api.sgroup.qq.com/websocket\u001b[0m","timestamp":1721677074233}
{"id":113386,"type":"warn","level":2,"name":"qq","meta":{"paths":["rbk1hq"]},"content":"offline: server request reconnect","timestamp":1721678874239}
{"id":113388,"type":"warn","level":2,"name":"adapter","meta":{"paths":["rbk1hq"]},"content":"Session timed out, will retry in 5s...","timestamp":1721678874255}
{"id":113394,"type":"info","level":2,"name":"adapter","meta":{"paths":["rbk1hq"]},"content":"connect to server: \u001b[38;5;44mwss://api.sgroup.qq.com/websocket\u001b[0m","timestamp":1721678879615}
{"id":113451,"type":"warn","level":2,"name":"qq","meta":{"paths":["rbk1hq"]},"content":"offline: server request reconnect","timestamp":1721680679610}
{"id":113453,"type":"warn","level":2,"name":"adapter","meta":{"paths":["rbk1hq"]},"content":"Session timed out, will retry in 5s...","timestamp":1721680679629}
{"id":113459,"type":"info","level":2,"name":"adapter","meta":{"paths":["rbk1hq"]},"content":"connect to server: \u001b[38;5;44mwss://api.sgroup.qq.com/websocket\u001b[0m","timestamp":1721680685002}
{"id":113516,"type":"warn","level":2,"name":"qq","meta":{"paths":["rbk1hq"]},"content":"offline: server request reconnect","timestamp":1721682485003}
{"id":113518,"type":"warn","level":2,"name":"adapter","meta":{"paths":["rbk1hq"]},"content":"Session timed out, will retry in 5s...","timestamp":1721682485020}
{"id":113524,"type":"info","level":2,"name":"adapter","meta":{"paths":["rbk1hq"]},"content":"connect to server: \u001b[38;5;44mwss://api.sgroup.qq.com/websocket\u001b[0m","timestamp":1721682490408}
{"id":113592,"type":"warn","level":2,"name":"qq","meta":{"paths":["rbk1hq"]},"content":"offline: server request reconnect","timestamp":1721684290401}
{"id":113594,"type":"warn","level":2,"name":"adapter","meta":{"paths":["rbk1hq"]},"content":"Session timed out, will retry in 5s...","timestamp":1721684290422}
{"id":113600,"type":"info","level":2,"name":"adapter","meta":{"paths":["rbk1hq"]},"content":"connect to server: \u001b[38;5;44mwss://api.sgroup.qq.com/websocket\u001b[0m","timestamp":1721684295797}
{"id":113657,"type":"warn","level":2,"name":"qq","meta":{"paths":["rbk1hq"]},"content":"offline: server request reconnect","timestamp":1721686095808}
{"id":113659,"type":"warn","level":2,"name":"adapter","meta":{"paths":["rbk1hq"]},"content":"Session timed out, will retry in 5s...","timestamp":1721686095825}
{"id":113665,"type":"info","level":2,"name":"adapter","meta":{"paths":["rbk1hq"]},"content":"connect to server: \u001b[38;5;44mwss://api.sgroup.qq.com/websocket\u001b[0m","timestamp":1721686101211}
{"id":113747,"type":"warn","level":2,"name":"qq","meta":{"paths":["rbk1hq"]},"content":"offline: server request reconnect","timestamp":1721687901202}
{"id":113749,"type":"warn","level":2,"name":"adapter","meta":{"paths":["rbk1hq"]},"content":"Session timed out, will retry in 5s...","timestamp":1721687901224}
{"id":113755,"type":"info","level":2,"name":"adapter","meta":{"paths":["rbk1hq"]},"content":"connect to server: \u001b[38;5;44mwss://api.sgroup.qq.com/websocket\u001b[0m","timestamp":1721687906589}
{"id":113823,"type":"warn","level":2,"name":"qq","meta":{"paths":["rbk1hq"]},"content":"offline: server request reconnect","timestamp":1721689706585}
{"id":113825,"type":"warn","level":2,"name":"adapter","meta":{"paths":["rbk1hq"]},"content":"Session timed out, will retry in 5s...","timestamp":1721689706606}
{"id":113831,"type":"info","level":2,"name":"adapter","meta":{"paths":["rbk1hq"]},"content":"connect to server: \u001b[38;5;44mwss://api.sgroup.qq.com/websocket\u001b[0m","timestamp":1721689711975}
{"id":113937,"type":"warn","level":2,"name":"qq","meta":{"paths":["rbk1hq"]},"content":"offline: server request reconnect","timestamp":1721691511982}
{"id":113939,"type":"warn","level":2,"name":"adapter","meta":{"paths":["rbk1hq"]},"content":"Session timed out, will retry in 5s...","timestamp":1721691512005}
{"id":113945,"type":"info","level":2,"name":"adapter","meta":{"paths":["rbk1hq"]},"content":"connect to server: \u001b[38;5;44mwss://api.sgroup.qq.com/websocket\u001b[0m","timestamp":1721691517373}
